11-04-2022 18:43:55.833 [main] INFO  c.k.c.api.ChallengeZuulApplication.logStarting - Starting ChallengeZuulApplication using Java 11.0.10 on DESKTOP-40IOR98 with PID 17192 (D:\Interview Tasks\Backbase - Final 1\challenge-zuul\target\classes started by z.kazemi in D:\Interview Tasks\Backbase - Final 1\challenge-zuul)
11-04-2022 18:43:55.838 [main] INFO  c.k.c.api.ChallengeZuulApplication.logStartupProfileInfo - No active profile set, falling back to default profiles: default
11-04-2022 18:43:56.567 [main] WARN  o.s.boot.actuate.endpoint.EndpointId.logWarning - Endpoint ID 'hystrix.stream' contains invalid characters, please migrate to a valid format.
11-04-2022 18:43:56.677 [main] INFO  o.s.cloud.context.scope.GenericScope.setSerializationId - BeanFactory id=70602b9e-e087-37be-a29f-9daf5f53437f
11-04-2022 18:43:57.032 [main] INFO  o.s.b.w.e.tomcat.TomcatWebServer.initialize - Tomcat initialized with port(s): 8181 (http)
11-04-2022 18:43:57.039 [main] INFO  o.a.coyote.http11.Http11NioProtocol.log - Initializing ProtocolHandler ["http-nio-8181"]
11-04-2022 18:43:57.039 [main] INFO  o.a.catalina.core.StandardService.log - Starting service [Tomcat]
11-04-2022 18:43:57.040 [main] INFO  o.a.catalina.core.StandardEngine.log - Starting Servlet engine: [Apache Tomcat/9.0.39]
11-04-2022 18:43:57.177 [main] INFO  o.a.c.c.C.[Tomcat].[localhost].[/].log - Initializing Spring embedded WebApplicationContext
11-04-2022 18:43:57.178 [main] INFO  o.s.b.w.s.c.ServletWebServerApplicationContext.prepareWebApplicationContext - Root WebApplicationContext: initialization completed in 1302 ms
11-04-2022 18:43:57.232 [main] WARN  c.n.c.sources.URLConfigurationSource.<init> - No URLs will be polled as dynamic configuration sources.
11-04-2022 18:43:57.232 [main] INFO  c.n.c.sources.URLConfigurationSource.<init> - To enable URLs as dynamic configuration sources, define System property archaius.configurationSource.additionalUrls or make config.properties available on classpath.
11-04-2022 18:43:57.239 [main] INFO  c.n.config.DynamicPropertyFactory.getInstance - DynamicPropertyFactory is initialized with configuration sources: com.netflix.config.ConcurrentCompositeConfiguration@11e71181
11-04-2022 18:43:58.913 [main] INFO  o.s.cloud.commons.util.InetUtils.convertAddress - Cannot determine local hostname
11-04-2022 18:43:59.022 [main] WARN  c.n.c.sources.URLConfigurationSource.<init> - No URLs will be polled as dynamic configuration sources.
11-04-2022 18:43:59.023 [main] INFO  c.n.c.sources.URLConfigurationSource.<init> - To enable URLs as dynamic configuration sources, define System property archaius.configurationSource.additionalUrls or make config.properties available on classpath.
11-04-2022 18:43:59.130 [main] INFO  o.s.s.c.ThreadPoolTaskExecutor.initialize - Initializing ExecutorService 'applicationTaskExecutor'
11-04-2022 18:44:00.929 [main] INFO  o.s.cloud.commons.util.InetUtils.convertAddress - Cannot determine local hostname
11-04-2022 18:44:01.017 [main] INFO  o.s.c.n.e.c.DiscoveryClientOptionalArgsConfiguration.discoveryClientOptionalArgs - Eureka HTTP Client uses Jersey
11-04-2022 18:44:01.118 [main] WARN  o.s.c.l.c.LoadBalancerCacheAutoConfiguration$LoadBalancerCaffeineWarnLogger.logWarning - Spring Cloud LoadBalancer is currently working with the default cache. You can switch to using Caffeine cache, by adding it and org.springframework.cache.caffeine.CaffeineCacheManager to the classpath.
11-04-2022 18:44:01.250 [main] INFO  o.s.c.n.zuul.ZuulFilterInitializer.contextInitialized - Starting filter initializer
11-04-2022 18:44:01.258 [main] INFO  o.s.b.a.e.web.EndpointLinksResolver.<init> - Exposing 2 endpoint(s) beneath base path '/actuator'
11-04-2022 18:44:01.304 [main] INFO  o.s.c.n.eureka.InstanceInfoFactory.create - Setting initial instance status as: STARTING
11-04-2022 18:44:01.325 [main] INFO  c.netflix.discovery.DiscoveryClient.<init> - Initializing Eureka in region us-east-1
11-04-2022 18:44:01.356 [main] INFO  c.n.d.p.DiscoveryJerseyProvider.<init> - Using JSON encoding codec LegacyJacksonJson
11-04-2022 18:44:01.356 [main] INFO  c.n.d.p.DiscoveryJerseyProvider.<init> - Using JSON decoding codec LegacyJacksonJson
11-04-2022 18:44:01.446 [main] INFO  c.n.d.p.DiscoveryJerseyProvider.<init> - Using XML encoding codec XStreamXml
11-04-2022 18:44:01.446 [main] INFO  c.n.d.p.DiscoveryJerseyProvider.<init> - Using XML decoding codec XStreamXml
11-04-2022 18:44:01.536 [main] INFO  c.n.d.s.r.aws.ConfigClusterResolver.getClusterEndpoints - Resolving eureka endpoints via configuration
11-04-2022 18:44:01.549 [main] INFO  c.netflix.discovery.DiscoveryClient.fetchRegistry - Disable delta property : false
11-04-2022 18:44:01.549 [main] INFO  c.netflix.discovery.DiscoveryClient.fetchRegistry - Single vip registry refresh property : null
11-04-2022 18:44:01.550 [main] INFO  c.netflix.discovery.DiscoveryClient.fetchRegistry - Force full registry fetch : false
11-04-2022 18:44:01.550 [main] INFO  c.netflix.discovery.DiscoveryClient.fetchRegistry - Application is null : false
11-04-2022 18:44:01.550 [main] INFO  c.netflix.discovery.DiscoveryClient.fetchRegistry - Registered Applications size is zero : true
11-04-2022 18:44:01.550 [main] INFO  c.netflix.discovery.DiscoveryClient.fetchRegistry - Application version is -1: true
11-04-2022 18:44:01.550 [main] INFO  c.netflix.discovery.DiscoveryClient.getAndStoreFullRegistry - Getting all instance registry info from the eureka server
11-04-2022 18:44:01.667 [main] INFO  c.netflix.discovery.DiscoveryClient.getAndStoreFullRegistry - The response status is 200
11-04-2022 18:44:01.668 [main] INFO  c.netflix.discovery.DiscoveryClient.initScheduledTasks - Starting heartbeat executor: renew interval is: 30
11-04-2022 18:44:01.670 [main] INFO  c.n.discovery.InstanceInfoReplicator.<init> - InstanceInfoReplicator onDemand update allowed rate per min is 4
11-04-2022 18:44:01.673 [main] INFO  c.netflix.discovery.DiscoveryClient.<init> - Discovery Client initialized at timestamp 1649686441672 with initial instances count: 0
11-04-2022 18:44:01.675 [main] INFO  o.s.c.n.e.s.EurekaServiceRegistry.register - Registering application CHALLENGE-ZUUL with eureka with status UP
11-04-2022 18:44:01.676 [main] INFO  c.netflix.discovery.DiscoveryClient.notify - Saw local status change event StatusChangeEvent [timestamp=1649686441676, current=UP, previous=STARTING]
11-04-2022 18:44:01.678 [DiscoveryClient-InstanceInfoReplicator-0] INFO  c.netflix.discovery.DiscoveryClient.register - DiscoveryClient_CHALLENGE-ZUUL/localhost:challenge-zuul:8181: registering service...
11-04-2022 18:44:01.680 [main] INFO  o.a.coyote.http11.Http11NioProtocol.log - Starting ProtocolHandler ["http-nio-8181"]
11-04-2022 18:44:01.696 [main] INFO  o.s.b.w.e.tomcat.TomcatWebServer.start - Tomcat started on port(s): 8181 (http) with context path ''
11-04-2022 18:44:01.697 [main] INFO  o.s.c.n.e.s.EurekaAutoServiceRegistration.onApplicationEvent - Updating port to 8181
11-04-2022 18:44:01.731 [DiscoveryClient-InstanceInfoReplicator-0] INFO  c.netflix.discovery.DiscoveryClient.register - DiscoveryClient_CHALLENGE-ZUUL/localhost:challenge-zuul:8181 - registration status: 204
11-04-2022 18:44:03.238 [main] INFO  o.s.cloud.commons.util.InetUtils.convertAddress - Cannot determine local hostname
11-04-2022 18:44:03.258 [main] INFO  c.k.c.api.ChallengeZuulApplication.logStarted - Started ChallengeZuulApplication in 9.353 seconds (JVM running for 10.613)
11-04-2022 18:44:03.962 [RMI TCP Connection(1)-20.30.0.44] INFO  o.a.c.c.C.[Tomcat].[localhost].[/].log - Initializing Spring DispatcherServlet 'dispatcherServlet'
11-04-2022 18:44:03.962 [RMI TCP Connection(1)-20.30.0.44] INFO  o.s.web.servlet.DispatcherServlet.initServletBean - Initializing Servlet 'dispatcherServlet'
11-04-2022 18:44:03.965 [RMI TCP Connection(1)-20.30.0.44] INFO  o.s.web.servlet.DispatcherServlet.initServletBean - Completed initialization in 3 ms
11-04-2022 18:44:31.679 [DiscoveryClient-CacheRefreshExecutor-0] INFO  c.netflix.discovery.DiscoveryClient.fetchRegistry - Disable delta property : false
11-04-2022 18:44:31.680 [DiscoveryClient-CacheRefreshExecutor-0] INFO  c.netflix.discovery.DiscoveryClient.fetchRegistry - Single vip registry refresh property : null
11-04-2022 18:44:31.681 [DiscoveryClient-CacheRefreshExecutor-0] INFO  c.netflix.discovery.DiscoveryClient.fetchRegistry - Force full registry fetch : false
11-04-2022 18:44:31.681 [DiscoveryClient-CacheRefreshExecutor-0] INFO  c.netflix.discovery.DiscoveryClient.fetchRegistry - Application is null : false
11-04-2022 18:44:31.682 [DiscoveryClient-CacheRefreshExecutor-0] INFO  c.netflix.discovery.DiscoveryClient.fetchRegistry - Registered Applications size is zero : true
11-04-2022 18:44:31.682 [DiscoveryClient-CacheRefreshExecutor-0] INFO  c.netflix.discovery.DiscoveryClient.fetchRegistry - Application version is -1: false
11-04-2022 18:44:31.683 [DiscoveryClient-CacheRefreshExecutor-0] INFO  c.netflix.discovery.DiscoveryClient.getAndStoreFullRegistry - Getting all instance registry info from the eureka server
11-04-2022 18:44:31.721 [DiscoveryClient-CacheRefreshExecutor-0] INFO  c.netflix.discovery.DiscoveryClient.getAndStoreFullRegistry - The response status is 200
11-04-2022 18:46:51.329 [http-nio-8181-exec-1] INFO  c.kazemi.challenge.api.SimpleFilter.run - GET request to http://localhost:8181/challenge/api/v1/movies/top-movies/10
11-04-2022 18:49:01.565 [AsyncResolver-bootstrap-executor-0] INFO  c.n.d.s.r.aws.ConfigClusterResolver.getClusterEndpoints - Resolving eureka endpoints via configuration
11-04-2022 18:54:01.567 [AsyncResolver-bootstrap-executor-0] INFO  c.n.d.s.r.aws.ConfigClusterResolver.getClusterEndpoints - Resolving eureka endpoints via configuration
11-04-2022 19:21:18.346 [main] INFO  c.k.c.api.ChallengeZuulApplication.logStarting - Starting ChallengeZuulApplication using Java 11.0.10 on DESKTOP-40IOR98 with PID 28972 (D:\Interview Tasks\Backbase - Final 1\challenge-zuul\target\classes started by z.kazemi in D:\Interview Tasks\Backbase - Final 1\challenge-zuul)
11-04-2022 19:21:18.349 [main] INFO  c.k.c.api.ChallengeZuulApplication.logStartupProfileInfo - No active profile set, falling back to default profiles: default
11-04-2022 19:21:18.981 [main] WARN  o.s.boot.actuate.endpoint.EndpointId.logWarning - Endpoint ID 'hystrix.stream' contains invalid characters, please migrate to a valid format.
11-04-2022 19:21:19.064 [main] INFO  o.s.cloud.context.scope.GenericScope.setSerializationId - BeanFactory id=70602b9e-e087-37be-a29f-9daf5f53437f
11-04-2022 19:21:19.345 [main] INFO  o.s.b.w.e.tomcat.TomcatWebServer.initialize - Tomcat initialized with port(s): 8181 (http)
11-04-2022 19:21:19.351 [main] INFO  o.a.coyote.http11.Http11NioProtocol.log - Initializing ProtocolHandler ["http-nio-8181"]
11-04-2022 19:21:19.351 [main] INFO  o.a.catalina.core.StandardService.log - Starting service [Tomcat]
11-04-2022 19:21:19.351 [main] INFO  o.a.catalina.core.StandardEngine.log - Starting Servlet engine: [Apache Tomcat/9.0.39]
11-04-2022 19:21:19.501 [main] INFO  o.a.c.c.C.[Tomcat].[localhost].[/].log - Initializing Spring embedded WebApplicationContext
11-04-2022 19:21:19.501 [main] INFO  o.s.b.w.s.c.ServletWebServerApplicationContext.prepareWebApplicationContext - Root WebApplicationContext: initialization completed in 1117 ms
11-04-2022 19:21:19.570 [main] WARN  c.n.c.sources.URLConfigurationSource.<init> - No URLs will be polled as dynamic configuration sources.
11-04-2022 19:21:19.570 [main] INFO  c.n.c.sources.URLConfigurationSource.<init> - To enable URLs as dynamic configuration sources, define System property archaius.configurationSource.additionalUrls or make config.properties available on classpath.
11-04-2022 19:21:19.578 [main] INFO  c.n.config.DynamicPropertyFactory.getInstance - DynamicPropertyFactory is initialized with configuration sources: com.netflix.config.ConcurrentCompositeConfiguration@3f68a7f8
11-04-2022 19:21:21.233 [main] INFO  o.s.cloud.commons.util.InetUtils.convertAddress - Cannot determine local hostname
11-04-2022 19:21:21.374 [main] WARN  c.n.c.sources.URLConfigurationSource.<init> - No URLs will be polled as dynamic configuration sources.
11-04-2022 19:21:21.374 [main] INFO  c.n.c.sources.URLConfigurationSource.<init> - To enable URLs as dynamic configuration sources, define System property archaius.configurationSource.additionalUrls or make config.properties available on classpath.
11-04-2022 19:21:21.484 [main] INFO  o.s.s.c.ThreadPoolTaskExecutor.initialize - Initializing ExecutorService 'applicationTaskExecutor'
11-04-2022 19:21:23.143 [main] INFO  o.s.cloud.commons.util.InetUtils.convertAddress - Cannot determine local hostname
11-04-2022 19:21:23.252 [main] INFO  o.s.c.n.e.c.DiscoveryClientOptionalArgsConfiguration.discoveryClientOptionalArgs - Eureka HTTP Client uses Jersey
11-04-2022 19:21:23.355 [main] WARN  o.s.c.l.c.LoadBalancerCacheAutoConfiguration$LoadBalancerCaffeineWarnLogger.logWarning - Spring Cloud LoadBalancer is currently working with the default cache. You can switch to using Caffeine cache, by adding it and org.springframework.cache.caffeine.CaffeineCacheManager to the classpath.
11-04-2022 19:21:23.493 [main] INFO  o.s.c.n.zuul.ZuulFilterInitializer.contextInitialized - Starting filter initializer
11-04-2022 19:21:23.501 [main] INFO  o.s.b.a.e.web.EndpointLinksResolver.<init> - Exposing 2 endpoint(s) beneath base path '/actuator'
11-04-2022 19:21:23.546 [main] INFO  o.s.c.n.eureka.InstanceInfoFactory.create - Setting initial instance status as: STARTING
11-04-2022 19:21:23.579 [main] INFO  c.netflix.discovery.DiscoveryClient.<init> - Initializing Eureka in region us-east-1
11-04-2022 19:21:23.617 [main] INFO  c.n.d.p.DiscoveryJerseyProvider.<init> - Using JSON encoding codec LegacyJacksonJson
11-04-2022 19:21:23.617 [main] INFO  c.n.d.p.DiscoveryJerseyProvider.<init> - Using JSON decoding codec LegacyJacksonJson
11-04-2022 19:21:23.711 [main] INFO  c.n.d.p.DiscoveryJerseyProvider.<init> - Using XML encoding codec XStreamXml
11-04-2022 19:21:23.711 [main] INFO  c.n.d.p.DiscoveryJerseyProvider.<init> - Using XML decoding codec XStreamXml
11-04-2022 19:21:23.806 [main] INFO  c.n.d.s.r.aws.ConfigClusterResolver.getClusterEndpoints - Resolving eureka endpoints via configuration
11-04-2022 19:21:23.820 [main] INFO  c.netflix.discovery.DiscoveryClient.fetchRegistry - Disable delta property : false
11-04-2022 19:21:23.820 [main] INFO  c.netflix.discovery.DiscoveryClient.fetchRegistry - Single vip registry refresh property : null
11-04-2022 19:21:23.820 [main] INFO  c.netflix.discovery.DiscoveryClient.fetchRegistry - Force full registry fetch : false
11-04-2022 19:21:23.820 [main] INFO  c.netflix.discovery.DiscoveryClient.fetchRegistry - Application is null : false
11-04-2022 19:21:23.820 [main] INFO  c.netflix.discovery.DiscoveryClient.fetchRegistry - Registered Applications size is zero : true
11-04-2022 19:21:23.820 [main] INFO  c.netflix.discovery.DiscoveryClient.fetchRegistry - Application version is -1: true
11-04-2022 19:21:23.820 [main] INFO  c.netflix.discovery.DiscoveryClient.getAndStoreFullRegistry - Getting all instance registry info from the eureka server
11-04-2022 19:21:23.952 [main] INFO  c.netflix.discovery.DiscoveryClient.getAndStoreFullRegistry - The response status is 200
11-04-2022 19:21:23.953 [main] INFO  c.netflix.discovery.DiscoveryClient.initScheduledTasks - Starting heartbeat executor: renew interval is: 30
11-04-2022 19:21:23.965 [main] INFO  c.n.discovery.InstanceInfoReplicator.<init> - InstanceInfoReplicator onDemand update allowed rate per min is 4
11-04-2022 19:21:23.968 [main] INFO  c.netflix.discovery.DiscoveryClient.<init> - Discovery Client initialized at timestamp 1649688683967 with initial instances count: 0
11-04-2022 19:21:23.970 [main] INFO  o.s.c.n.e.s.EurekaServiceRegistry.register - Registering application CHALLENGE-ZUUL with eureka with status UP
11-04-2022 19:21:23.971 [main] INFO  c.netflix.discovery.DiscoveryClient.notify - Saw local status change event StatusChangeEvent [timestamp=1649688683971, current=UP, previous=STARTING]
11-04-2022 19:21:23.973 [DiscoveryClient-InstanceInfoReplicator-0] INFO  c.netflix.discovery.DiscoveryClient.register - DiscoveryClient_CHALLENGE-ZUUL/localhost:challenge-zuul:8181: registering service...
11-04-2022 19:21:23.975 [main] INFO  o.a.coyote.http11.Http11NioProtocol.log - Starting ProtocolHandler ["http-nio-8181"]
11-04-2022 19:21:23.989 [main] INFO  o.s.b.w.e.tomcat.TomcatWebServer.start - Tomcat started on port(s): 8181 (http) with context path ''
11-04-2022 19:21:23.990 [main] INFO  o.s.c.n.e.s.EurekaAutoServiceRegistration.onApplicationEvent - Updating port to 8181
11-04-2022 19:21:24.031 [DiscoveryClient-InstanceInfoReplicator-0] INFO  c.netflix.discovery.DiscoveryClient.register - DiscoveryClient_CHALLENGE-ZUUL/localhost:challenge-zuul:8181 - registration status: 204
11-04-2022 19:21:25.545 [main] INFO  o.s.cloud.commons.util.InetUtils.convertAddress - Cannot determine local hostname
11-04-2022 19:21:25.560 [main] INFO  c.k.c.api.ChallengeZuulApplication.logStarted - Started ChallengeZuulApplication in 9.142 seconds (JVM running for 10.195)
11-04-2022 19:21:26.717 [RMI TCP Connection(3)-20.30.0.44] INFO  o.a.c.c.C.[Tomcat].[localhost].[/].log - Initializing Spring DispatcherServlet 'dispatcherServlet'
11-04-2022 19:21:26.718 [RMI TCP Connection(3)-20.30.0.44] INFO  o.s.web.servlet.DispatcherServlet.initServletBean - Initializing Servlet 'dispatcherServlet'
11-04-2022 19:21:26.720 [RMI TCP Connection(3)-20.30.0.44] INFO  o.s.web.servlet.DispatcherServlet.initServletBean - Completed initialization in 2 ms
11-04-2022 19:21:53.975 [DiscoveryClient-CacheRefreshExecutor-0] INFO  c.netflix.discovery.DiscoveryClient.fetchRegistry - Disable delta property : false
11-04-2022 19:21:53.975 [DiscoveryClient-CacheRefreshExecutor-0] INFO  c.netflix.discovery.DiscoveryClient.fetchRegistry - Single vip registry refresh property : null
11-04-2022 19:21:53.975 [DiscoveryClient-CacheRefreshExecutor-0] INFO  c.netflix.discovery.DiscoveryClient.fetchRegistry - Force full registry fetch : false
11-04-2022 19:21:53.975 [DiscoveryClient-CacheRefreshExecutor-0] INFO  c.netflix.discovery.DiscoveryClient.fetchRegistry - Application is null : false
11-04-2022 19:21:53.975 [DiscoveryClient-CacheRefreshExecutor-0] INFO  c.netflix.discovery.DiscoveryClient.fetchRegistry - Registered Applications size is zero : true
11-04-2022 19:21:53.975 [DiscoveryClient-CacheRefreshExecutor-0] INFO  c.netflix.discovery.DiscoveryClient.fetchRegistry - Application version is -1: false
11-04-2022 19:21:53.975 [DiscoveryClient-CacheRefreshExecutor-0] INFO  c.netflix.discovery.DiscoveryClient.getAndStoreFullRegistry - Getting all instance registry info from the eureka server
11-04-2022 19:21:53.995 [DiscoveryClient-CacheRefreshExecutor-0] INFO  c.netflix.discovery.DiscoveryClient.getAndStoreFullRegistry - The response status is 200
11-04-2022 19:26:23.827 [AsyncResolver-bootstrap-executor-0] INFO  c.n.d.s.r.aws.ConfigClusterResolver.getClusterEndpoints - Resolving eureka endpoints via configuration
11-04-2022 19:31:23.843 [AsyncResolver-bootstrap-executor-0] INFO  c.n.d.s.r.aws.ConfigClusterResolver.getClusterEndpoints - Resolving eureka endpoints via configuration
11-04-2022 19:36:23.857 [AsyncResolver-bootstrap-executor-0] INFO  c.n.d.s.r.aws.ConfigClusterResolver.getClusterEndpoints - Resolving eureka endpoints via configuration
11-04-2022 19:41:23.873 [AsyncResolver-bootstrap-executor-0] INFO  c.n.d.s.r.aws.ConfigClusterResolver.getClusterEndpoints - Resolving eureka endpoints via configuration
11-04-2022 19:46:23.881 [AsyncResolver-bootstrap-executor-0] INFO  c.n.d.s.r.aws.ConfigClusterResolver.getClusterEndpoints - Resolving eureka endpoints via configuration
11-04-2022 19:51:23.893 [AsyncResolver-bootstrap-executor-0] INFO  c.n.d.s.r.aws.ConfigClusterResolver.getClusterEndpoints - Resolving eureka endpoints via configuration
11-04-2022 19:56:23.896 [AsyncResolver-bootstrap-executor-0] INFO  c.n.d.s.r.aws.ConfigClusterResolver.getClusterEndpoints - Resolving eureka endpoints via configuration
11-04-2022 20:01:23.898 [AsyncResolver-bootstrap-executor-0] INFO  c.n.d.s.r.aws.ConfigClusterResolver.getClusterEndpoints - Resolving eureka endpoints via configuration
11-04-2022 20:06:23.912 [AsyncResolver-bootstrap-executor-0] INFO  c.n.d.s.r.aws.ConfigClusterResolver.getClusterEndpoints - Resolving eureka endpoints via configuration
11-04-2022 20:11:23.914 [AsyncResolver-bootstrap-executor-0] INFO  c.n.d.s.r.aws.ConfigClusterResolver.getClusterEndpoints - Resolving eureka endpoints via configuration
11-04-2022 20:16:23.919 [AsyncResolver-bootstrap-executor-0] INFO  c.n.d.s.r.aws.ConfigClusterResolver.getClusterEndpoints - Resolving eureka endpoints via configuration
11-04-2022 20:21:23.925 [AsyncResolver-bootstrap-executor-0] INFO  c.n.d.s.r.aws.ConfigClusterResolver.getClusterEndpoints - Resolving eureka endpoints via configuration
11-04-2022 20:26:23.940 [AsyncResolver-bootstrap-executor-0] INFO  c.n.d.s.r.aws.ConfigClusterResolver.getClusterEndpoints - Resolving eureka endpoints via configuration
11-04-2022 20:31:23.949 [AsyncResolver-bootstrap-executor-0] INFO  c.n.d.s.r.aws.ConfigClusterResolver.getClusterEndpoints - Resolving eureka endpoints via configuration
11-04-2022 20:36:23.952 [AsyncResolver-bootstrap-executor-0] INFO  c.n.d.s.r.aws.ConfigClusterResolver.getClusterEndpoints - Resolving eureka endpoints via configuration
11-04-2022 20:41:23.953 [AsyncResolver-bootstrap-executor-0] INFO  c.n.d.s.r.aws.ConfigClusterResolver.getClusterEndpoints - Resolving eureka endpoints via configuration
11-04-2022 20:46:23.967 [AsyncResolver-bootstrap-executor-0] INFO  c.n.d.s.r.aws.ConfigClusterResolver.getClusterEndpoints - Resolving eureka endpoints via configuration
11-04-2022 20:51:23.982 [AsyncResolver-bootstrap-executor-0] INFO  c.n.d.s.r.aws.ConfigClusterResolver.getClusterEndpoints - Resolving eureka endpoints via configuration
11-04-2022 20:56:23.984 [AsyncResolver-bootstrap-executor-0] INFO  c.n.d.s.r.aws.ConfigClusterResolver.getClusterEndpoints - Resolving eureka endpoints via configuration
11-04-2022 21:01:23.994 [AsyncResolver-bootstrap-executor-0] INFO  c.n.d.s.r.aws.ConfigClusterResolver.getClusterEndpoints - Resolving eureka endpoints via configuration
11-04-2022 21:06:24.006 [AsyncResolver-bootstrap-executor-0] INFO  c.n.d.s.r.aws.ConfigClusterResolver.getClusterEndpoints - Resolving eureka endpoints via configuration
11-04-2022 21:11:24.017 [AsyncResolver-bootstrap-executor-0] INFO  c.n.d.s.r.aws.ConfigClusterResolver.getClusterEndpoints - Resolving eureka endpoints via configuration
11-04-2022 21:16:24.030 [AsyncResolver-bootstrap-executor-0] INFO  c.n.d.s.r.aws.ConfigClusterResolver.getClusterEndpoints - Resolving eureka endpoints via configuration
11-04-2022 21:21:24.043 [AsyncResolver-bootstrap-executor-0] INFO  c.n.d.s.r.aws.ConfigClusterResolver.getClusterEndpoints - Resolving eureka endpoints via configuration
11-04-2022 21:26:24.054 [AsyncResolver-bootstrap-executor-0] INFO  c.n.d.s.r.aws.ConfigClusterResolver.getClusterEndpoints - Resolving eureka endpoints via configuration
11-04-2022 21:31:24.061 [AsyncResolver-bootstrap-executor-0] INFO  c.n.d.s.r.aws.ConfigClusterResolver.getClusterEndpoints - Resolving eureka endpoints via configuration
11-04-2022 21:36:24.062 [AsyncResolver-bootstrap-executor-0] INFO  c.n.d.s.r.aws.ConfigClusterResolver.getClusterEndpoints - Resolving eureka endpoints via configuration
11-04-2022 21:41:24.063 [AsyncResolver-bootstrap-executor-0] INFO  c.n.d.s.r.aws.ConfigClusterResolver.getClusterEndpoints - Resolving eureka endpoints via configuration
11-04-2022 21:46:24.068 [AsyncResolver-bootstrap-executor-0] INFO  c.n.d.s.r.aws.ConfigClusterResolver.getClusterEndpoints - Resolving eureka endpoints via configuration
11-04-2022 21:51:24.074 [AsyncResolver-bootstrap-executor-0] INFO  c.n.d.s.r.aws.ConfigClusterResolver.getClusterEndpoints - Resolving eureka endpoints via configuration
11-04-2022 21:56:24.079 [AsyncResolver-bootstrap-executor-0] INFO  c.n.d.s.r.aws.ConfigClusterResolver.getClusterEndpoints - Resolving eureka endpoints via configuration
11-04-2022 22:01:24.087 [AsyncResolver-bootstrap-executor-0] INFO  c.n.d.s.r.aws.ConfigClusterResolver.getClusterEndpoints - Resolving eureka endpoints via configuration
11-04-2022 22:06:24.093 [AsyncResolver-bootstrap-executor-0] INFO  c.n.d.s.r.aws.ConfigClusterResolver.getClusterEndpoints - Resolving eureka endpoints via configuration
11-04-2022 22:11:24.107 [AsyncResolver-bootstrap-executor-0] INFO  c.n.d.s.r.aws.ConfigClusterResolver.getClusterEndpoints - Resolving eureka endpoints via configuration
11-04-2022 22:16:24.117 [AsyncResolver-bootstrap-executor-0] INFO  c.n.d.s.r.aws.ConfigClusterResolver.getClusterEndpoints - Resolving eureka endpoints via configuration
11-04-2022 22:18:37.435 [DiscoveryClient-HeartbeatExecutor-0] INFO  c.n.d.s.t.d.RedirectingEurekaHttpClient.execute - Request execution error. endpoint=DefaultEndpoint{ serviceUrl='http://localhost:8761/eureka/} exception=java.net.ConnectException: Connection refused: connect stacktrace=com.sun.jersey.api.client.ClientHandlerException: java.net.ConnectException: Connection refused: connect
	at com.sun.jersey.client.apache4.ApacheHttpClient4Handler.handle(ApacheHttpClient4Handler.java:187)
	at com.sun.jersey.api.client.filter.GZIPContentEncodingFilter.handle(GZIPContentEncodingFilter.java:123)
	at com.netflix.discovery.EurekaIdentityHeaderFilter.handle(EurekaIdentityHeaderFilter.java:27)
	at com.sun.jersey.api.client.Client.handle(Client.java:652)
	at com.sun.jersey.api.client.WebResource.handle(WebResource.java:682)
	at com.sun.jersey.api.client.WebResource.access$200(WebResource.java:74)
	at com.sun.jersey.api.client.WebResource$Builder.put(WebResource.java:529)
	at com.netflix.discovery.shared.transport.jersey.AbstractJerseyEurekaHttpClient.sendHeartBeat(AbstractJerseyEurekaHttpClient.java:103)
	at com.netflix.discovery.shared.transport.decorator.EurekaHttpClientDecorator$3.execute(EurekaHttpClientDecorator.java:92)
	at com.netflix.discovery.shared.transport.decorator.MetricsCollectingEurekaHttpClient.execute(MetricsCollectingEurekaHttpClient.java:73)
	at com.netflix.discovery.shared.transport.decorator.EurekaHttpClientDecorator.sendHeartBeat(EurekaHttpClientDecorator.java:89)
	at com.netflix.discovery.shared.transport.decorator.EurekaHttpClientDecorator$3.execute(EurekaHttpClientDecorator.java:92)
	at com.netflix.discovery.shared.transport.decorator.RedirectingEurekaHttpClient.execute(RedirectingEurekaHttpClient.java:91)
	at com.netflix.discovery.shared.transport.decorator.EurekaHttpClientDecorator.sendHeartBeat(EurekaHttpClientDecorator.java:89)
	at com.netflix.discovery.shared.transport.decorator.EurekaHttpClientDecorator$3.execute(EurekaHttpClientDecorator.java:92)
	at com.netflix.discovery.shared.transport.decorator.RetryableEurekaHttpClient.execute(RetryableEurekaHttpClient.java:120)
	at com.netflix.discovery.shared.transport.decorator.EurekaHttpClientDecorator.sendHeartBeat(EurekaHttpClientDecorator.java:89)
	at com.netflix.discovery.shared.transport.decorator.EurekaHttpClientDecorator$3.execute(EurekaHttpClientDecorator.java:92)
	at com.netflix.discovery.shared.transport.decorator.SessionedEurekaHttpClient.execute(SessionedEurekaHttpClient.java:77)
	at com.netflix.discovery.shared.transport.decorator.EurekaHttpClientDecorator.sendHeartBeat(EurekaHttpClientDecorator.java:89)
	at com.netflix.discovery.DiscoveryClient.renew(DiscoveryClient.java:893)
	at com.netflix.discovery.DiscoveryClient$HeartbeatThread.run(DiscoveryClient.java:1457)
	at java.base/java.util.concurrent.Executors$RunnableAdapter.call(Executors.java:515)
	at java.base/java.util.concurrent.FutureTask.run(FutureTask.java:264)
	at java.base/java.util.concurrent.ThreadPoolExecutor.runWorker(ThreadPoolExecutor.java:1128)
	at java.base/java.util.concurrent.ThreadPoolExecutor$Worker.run(ThreadPoolExecutor.java:628)
	at java.base/java.lang.Thread.run(Thread.java:834)
Caused by: java.net.ConnectException: Connection refused: connect
	at java.base/java.net.PlainSocketImpl.waitForConnect(Native Method)
	at java.base/java.net.PlainSocketImpl.socketConnect(PlainSocketImpl.java:107)
	at java.base/java.net.AbstractPlainSocketImpl.doConnect(AbstractPlainSocketImpl.java:399)
	at java.base/java.net.AbstractPlainSocketImpl.connectToAddress(AbstractPlainSocketImpl.java:242)
	at java.base/java.net.AbstractPlainSocketImpl.connect(AbstractPlainSocketImpl.java:224)
	at java.base/java.net.SocksSocketImpl.connect(SocksSocketImpl.java:392)
	at java.base/java.net.Socket.connect(Socket.java:608)
	at org.apache.http.conn.scheme.PlainSocketFactory.connectSocket(PlainSocketFactory.java:121)
	at org.apache.http.impl.conn.DefaultClientConnectionOperator.openConnection(DefaultClientConnectionOperator.java:180)
	at org.apache.http.impl.conn.AbstractPoolEntry.open(AbstractPoolEntry.java:144)
	at org.apache.http.impl.conn.AbstractPooledConnAdapter.open(AbstractPooledConnAdapter.java:134)
	at org.apache.http.impl.client.DefaultRequestDirector.tryConnect(DefaultRequestDirector.java:605)
	at org.apache.http.impl.client.DefaultRequestDirector.execute(DefaultRequestDirector.java:440)
	at org.apache.http.impl.client.AbstractHttpClient.doExecute(AbstractHttpClient.java:835)
	at org.apache.http.impl.client.CloseableHttpClient.execute(CloseableHttpClient.java:118)
	at org.apache.http.impl.client.CloseableHttpClient.execute(CloseableHttpClient.java:56)
	at com.sun.jersey.client.apache4.ApacheHttpClient4Handler.handle(ApacheHttpClient4Handler.java:173)
	... 26 more

11-04-2022 22:18:37.435 [DiscoveryClient-HeartbeatExecutor-0] WARN  c.n.d.s.t.d.RetryableEurekaHttpClient.execute - Request execution failed with message: java.net.ConnectException: Connection refused: connect
11-04-2022 22:18:37.588 [DiscoveryClient-CacheRefreshExecutor-0] INFO  c.n.d.s.t.d.RedirectingEurekaHttpClient.execute - Request execution error. endpoint=DefaultEndpoint{ serviceUrl='http://localhost:8761/eureka/} exception=java.net.ConnectException: Connection refused: connect stacktrace=com.sun.jersey.api.client.ClientHandlerException: java.net.ConnectException: Connection refused: connect
	at com.sun.jersey.client.apache4.ApacheHttpClient4Handler.handle(ApacheHttpClient4Handler.java:187)
	at com.sun.jersey.api.client.filter.GZIPContentEncodingFilter.handle(GZIPContentEncodingFilter.java:123)
	at com.netflix.discovery.EurekaIdentityHeaderFilter.handle(EurekaIdentityHeaderFilter.java:27)
	at com.sun.jersey.api.client.Client.handle(Client.java:652)
	at com.sun.jersey.api.client.WebResource.handle(WebResource.java:682)
	at com.sun.jersey.api.client.WebResource.access$200(WebResource.java:74)
	at com.sun.jersey.api.client.WebResource$Builder.get(WebResource.java:509)
	at com.netflix.discovery.shared.transport.jersey.AbstractJerseyEurekaHttpClient.getApplicationsInternal(AbstractJerseyEurekaHttpClient.java:196)
	at com.netflix.discovery.shared.transport.jersey.AbstractJerseyEurekaHttpClient.getDelta(AbstractJerseyEurekaHttpClient.java:172)
	at com.netflix.discovery.shared.transport.decorator.EurekaHttpClientDecorator$7.execute(EurekaHttpClientDecorator.java:152)
	at com.netflix.discovery.shared.transport.decorator.MetricsCollectingEurekaHttpClient.execute(MetricsCollectingEurekaHttpClient.java:73)
	at com.netflix.discovery.shared.transport.decorator.EurekaHttpClientDecorator.getDelta(EurekaHttpClientDecorator.java:149)
	at com.netflix.discovery.shared.transport.decorator.EurekaHttpClientDecorator$7.execute(EurekaHttpClientDecorator.java:152)
	at com.netflix.discovery.shared.transport.decorator.RedirectingEurekaHttpClient.execute(RedirectingEurekaHttpClient.java:91)
	at com.netflix.discovery.shared.transport.decorator.EurekaHttpClientDecorator.getDelta(EurekaHttpClientDecorator.java:149)
	at com.netflix.discovery.shared.transport.decorator.EurekaHttpClientDecorator$7.execute(EurekaHttpClientDecorator.java:152)
	at com.netflix.discovery.shared.transport.decorator.RetryableEurekaHttpClient.execute(RetryableEurekaHttpClient.java:120)
	at com.netflix.discovery.shared.transport.decorator.EurekaHttpClientDecorator.getDelta(EurekaHttpClientDecorator.java:149)
	at com.netflix.discovery.shared.transport.decorator.EurekaHttpClientDecorator$7.execute(EurekaHttpClientDecorator.java:152)
	at com.netflix.discovery.shared.transport.decorator.SessionedEurekaHttpClient.execute(SessionedEurekaHttpClient.java:77)
	at com.netflix.discovery.shared.transport.decorator.EurekaHttpClientDecorator.getDelta(EurekaHttpClientDecorator.java:149)
	at com.netflix.discovery.DiscoveryClient.getAndUpdateDelta(DiscoveryClient.java:1135)
	at com.netflix.discovery.DiscoveryClient.fetchRegistry(DiscoveryClient.java:1016)
	at com.netflix.discovery.DiscoveryClient.refreshRegistry(DiscoveryClient.java:1531)
	at com.netflix.discovery.DiscoveryClient$CacheRefreshThread.run(DiscoveryClient.java:1498)
	at java.base/java.util.concurrent.Executors$RunnableAdapter.call(Executors.java:515)
	at java.base/java.util.concurrent.FutureTask.run(FutureTask.java:264)
	at java.base/java.util.concurrent.ThreadPoolExecutor.runWorker(ThreadPoolExecutor.java:1128)
	at java.base/java.util.concurrent.ThreadPoolExecutor$Worker.run(ThreadPoolExecutor.java:628)
	at java.base/java.lang.Thread.run(Thread.java:834)
Caused by: java.net.ConnectException: Connection refused: connect
	at java.base/java.net.PlainSocketImpl.waitForConnect(Native Method)
	at java.base/java.net.PlainSocketImpl.socketConnect(PlainSocketImpl.java:107)
	at java.base/java.net.AbstractPlainSocketImpl.doConnect(AbstractPlainSocketImpl.java:399)
	at java.base/java.net.AbstractPlainSocketImpl.connectToAddress(AbstractPlainSocketImpl.java:242)
	at java.base/java.net.AbstractPlainSocketImpl.connect(AbstractPlainSocketImpl.java:224)
	at java.base/java.net.SocksSocketImpl.connect(SocksSocketImpl.java:392)
	at java.base/java.net.Socket.connect(Socket.java:608)
	at org.apache.http.conn.scheme.PlainSocketFactory.connectSocket(PlainSocketFactory.java:121)
	at org.apache.http.impl.conn.DefaultClientConnectionOperator.openConnection(DefaultClientConnectionOperator.java:180)
	at org.apache.http.impl.conn.AbstractPoolEntry.open(AbstractPoolEntry.java:144)
	at org.apache.http.impl.conn.AbstractPooledConnAdapter.open(AbstractPooledConnAdapter.java:134)
	at org.apache.http.impl.client.DefaultRequestDirector.tryConnect(DefaultRequestDirector.java:605)
	at org.apache.http.impl.client.DefaultRequestDirector.execute(DefaultRequestDirector.java:440)
	at org.apache.http.impl.client.AbstractHttpClient.doExecute(AbstractHttpClient.java:835)
	at org.apache.http.impl.client.CloseableHttpClient.execute(CloseableHttpClient.java:118)
	at org.apache.http.impl.client.CloseableHttpClient.execute(CloseableHttpClient.java:56)
	at com.sun.jersey.client.apache4.ApacheHttpClient4Handler.handle(ApacheHttpClient4Handler.java:173)
	... 29 more

11-04-2022 22:18:37.588 [DiscoveryClient-CacheRefreshExecutor-0] WARN  c.n.d.s.t.d.RetryableEurekaHttpClient.execute - Request execution failed with message: java.net.ConnectException: Connection refused: connect
