12-04-2022 09:39:10.082 [main] INFO  c.k.c.api.ChallengeZuulApplication.logStarting - Starting ChallengeZuulApplication using Java 11.0.10 on DESKTOP-40IOR98 with PID 14408 (D:\Interview Tasks\Backbase - Final 1\challenge-zuul\target\classes started by z.kazemi in D:\Interview Tasks\Backbase - Final 1\challenge-zuul)
12-04-2022 09:39:10.090 [main] INFO  c.k.c.api.ChallengeZuulApplication.logStartupProfileInfo - No active profile set, falling back to default profiles: default
12-04-2022 09:39:11.042 [main] WARN  o.s.boot.actuate.endpoint.EndpointId.logWarning - Endpoint ID 'hystrix.stream' contains invalid characters, please migrate to a valid format.
12-04-2022 09:39:11.162 [main] INFO  o.s.cloud.context.scope.GenericScope.setSerializationId - BeanFactory id=70602b9e-e087-37be-a29f-9daf5f53437f
12-04-2022 09:39:11.586 [main] INFO  o.s.b.w.e.tomcat.TomcatWebServer.initialize - Tomcat initialized with port(s): 8181 (http)
12-04-2022 09:39:11.594 [main] INFO  o.a.coyote.http11.Http11NioProtocol.log - Initializing ProtocolHandler ["http-nio-8181"]
12-04-2022 09:39:11.594 [main] INFO  o.a.catalina.core.StandardService.log - Starting service [Tomcat]
12-04-2022 09:39:11.594 [main] INFO  o.a.catalina.core.StandardEngine.log - Starting Servlet engine: [Apache Tomcat/9.0.39]
12-04-2022 09:39:11.730 [main] INFO  o.a.c.c.C.[Tomcat].[localhost].[/].log - Initializing Spring embedded WebApplicationContext
12-04-2022 09:39:11.730 [main] INFO  o.s.b.w.s.c.ServletWebServerApplicationContext.prepareWebApplicationContext - Root WebApplicationContext: initialization completed in 1584 ms
12-04-2022 09:39:11.810 [main] WARN  c.n.c.sources.URLConfigurationSource.<init> - No URLs will be polled as dynamic configuration sources.
12-04-2022 09:39:11.810 [main] INFO  c.n.c.sources.URLConfigurationSource.<init> - To enable URLs as dynamic configuration sources, define System property archaius.configurationSource.additionalUrls or make config.properties available on classpath.
12-04-2022 09:39:11.826 [main] INFO  c.n.config.DynamicPropertyFactory.getInstance - DynamicPropertyFactory is initialized with configuration sources: com.netflix.config.ConcurrentCompositeConfiguration@7911cc15
12-04-2022 09:39:13.714 [main] INFO  o.s.cloud.commons.util.InetUtils.convertAddress - Cannot determine local hostname
12-04-2022 09:39:13.882 [main] WARN  c.n.c.sources.URLConfigurationSource.<init> - No URLs will be polled as dynamic configuration sources.
12-04-2022 09:39:13.882 [main] INFO  c.n.c.sources.URLConfigurationSource.<init> - To enable URLs as dynamic configuration sources, define System property archaius.configurationSource.additionalUrls or make config.properties available on classpath.
12-04-2022 09:39:14.058 [main] INFO  o.s.s.c.ThreadPoolTaskExecutor.initialize - Initializing ExecutorService 'applicationTaskExecutor'
12-04-2022 09:39:16.005 [main] INFO  o.s.cloud.commons.util.InetUtils.convertAddress - Cannot determine local hostname
12-04-2022 09:39:16.165 [main] INFO  o.s.c.n.e.c.DiscoveryClientOptionalArgsConfiguration.discoveryClientOptionalArgs - Eureka HTTP Client uses Jersey
12-04-2022 09:39:16.413 [main] WARN  o.s.c.l.c.LoadBalancerCacheAutoConfiguration$LoadBalancerCaffeineWarnLogger.logWarning - Spring Cloud LoadBalancer is currently working with the default cache. You can switch to using Caffeine cache, by adding it and org.springframework.cache.caffeine.CaffeineCacheManager to the classpath.
12-04-2022 09:39:16.677 [main] INFO  o.s.c.n.zuul.ZuulFilterInitializer.contextInitialized - Starting filter initializer
12-04-2022 09:39:16.701 [main] INFO  o.s.b.a.e.web.EndpointLinksResolver.<init> - Exposing 2 endpoint(s) beneath base path '/actuator'
12-04-2022 09:39:16.860 [main] INFO  o.s.c.n.eureka.InstanceInfoFactory.create - Setting initial instance status as: STARTING
12-04-2022 09:39:16.900 [main] INFO  c.netflix.discovery.DiscoveryClient.<init> - Initializing Eureka in region us-east-1
12-04-2022 09:39:16.956 [main] INFO  c.n.d.p.DiscoveryJerseyProvider.<init> - Using JSON encoding codec LegacyJacksonJson
12-04-2022 09:39:16.956 [main] INFO  c.n.d.p.DiscoveryJerseyProvider.<init> - Using JSON decoding codec LegacyJacksonJson
12-04-2022 09:39:17.140 [main] INFO  c.n.d.p.DiscoveryJerseyProvider.<init> - Using XML encoding codec XStreamXml
12-04-2022 09:39:17.140 [main] INFO  c.n.d.p.DiscoveryJerseyProvider.<init> - Using XML decoding codec XStreamXml
12-04-2022 09:39:17.332 [main] INFO  c.n.d.s.r.aws.ConfigClusterResolver.getClusterEndpoints - Resolving eureka endpoints via configuration
12-04-2022 09:39:17.348 [main] INFO  c.netflix.discovery.DiscoveryClient.fetchRegistry - Disable delta property : false
12-04-2022 09:39:17.348 [main] INFO  c.netflix.discovery.DiscoveryClient.fetchRegistry - Single vip registry refresh property : null
12-04-2022 09:39:17.348 [main] INFO  c.netflix.discovery.DiscoveryClient.fetchRegistry - Force full registry fetch : false
12-04-2022 09:39:17.356 [main] INFO  c.netflix.discovery.DiscoveryClient.fetchRegistry - Application is null : false
12-04-2022 09:39:17.356 [main] INFO  c.netflix.discovery.DiscoveryClient.fetchRegistry - Registered Applications size is zero : true
12-04-2022 09:39:17.356 [main] INFO  c.netflix.discovery.DiscoveryClient.fetchRegistry - Application version is -1: true
12-04-2022 09:39:17.356 [main] INFO  c.netflix.discovery.DiscoveryClient.getAndStoreFullRegistry - Getting all instance registry info from the eureka server
12-04-2022 09:39:21.467 [main] INFO  c.n.d.s.t.d.RedirectingEurekaHttpClient.execute - Request execution error. endpoint=DefaultEndpoint{ serviceUrl='http://localhost:8761/eureka/}, exception=java.net.ConnectException: Connection refused: connect stacktrace=com.sun.jersey.api.client.ClientHandlerException: java.net.ConnectException: Connection refused: connect
	at com.sun.jersey.client.apache4.ApacheHttpClient4Handler.handle(ApacheHttpClient4Handler.java:187)
	at com.sun.jersey.api.client.filter.GZIPContentEncodingFilter.handle(GZIPContentEncodingFilter.java:123)
	at com.netflix.discovery.EurekaIdentityHeaderFilter.handle(EurekaIdentityHeaderFilter.java:27)
	at com.sun.jersey.api.client.Client.handle(Client.java:652)
	at com.sun.jersey.api.client.WebResource.handle(WebResource.java:682)
	at com.sun.jersey.api.client.WebResource.access$200(WebResource.java:74)
	at com.sun.jersey.api.client.WebResource$Builder.get(WebResource.java:509)
	at com.netflix.discovery.shared.transport.jersey.AbstractJerseyEurekaHttpClient.getApplicationsInternal(AbstractJerseyEurekaHttpClient.java:196)
	at com.netflix.discovery.shared.transport.jersey.AbstractJerseyEurekaHttpClient.getApplications(AbstractJerseyEurekaHttpClient.java:167)
	at com.netflix.discovery.shared.transport.decorator.EurekaHttpClientDecorator$6.execute(EurekaHttpClientDecorator.java:137)
	at com.netflix.discovery.shared.transport.decorator.MetricsCollectingEurekaHttpClient.execute(MetricsCollectingEurekaHttpClient.java:73)
	at com.netflix.discovery.shared.transport.decorator.EurekaHttpClientDecorator.getApplications(EurekaHttpClientDecorator.java:134)
	at com.netflix.discovery.shared.transport.decorator.EurekaHttpClientDecorator$6.execute(EurekaHttpClientDecorator.java:137)
	at com.netflix.discovery.shared.transport.decorator.RedirectingEurekaHttpClient.executeOnNewServer(RedirectingEurekaHttpClient.java:121)
	at com.netflix.discovery.shared.transport.decorator.RedirectingEurekaHttpClient.execute(RedirectingEurekaHttpClient.java:80)
	at com.netflix.discovery.shared.transport.decorator.EurekaHttpClientDecorator.getApplications(EurekaHttpClientDecorator.java:134)
	at com.netflix.discovery.shared.transport.decorator.EurekaHttpClientDecorator$6.execute(EurekaHttpClientDecorator.java:137)
	at com.netflix.discovery.shared.transport.decorator.RetryableEurekaHttpClient.execute(RetryableEurekaHttpClient.java:120)
	at com.netflix.discovery.shared.transport.decorator.EurekaHttpClientDecorator.getApplications(EurekaHttpClientDecorator.java:134)
	at com.netflix.discovery.shared.transport.decorator.EurekaHttpClientDecorator$6.execute(EurekaHttpClientDecorator.java:137)
	at com.netflix.discovery.shared.transport.decorator.SessionedEurekaHttpClient.execute(SessionedEurekaHttpClient.java:77)
	at com.netflix.discovery.shared.transport.decorator.EurekaHttpClientDecorator.getApplications(EurekaHttpClientDecorator.java:134)
	at com.netflix.discovery.DiscoveryClient.getAndStoreFullRegistry(DiscoveryClient.java:1101)
	at com.netflix.discovery.DiscoveryClient.fetchRegistry(DiscoveryClient.java:1014)
	at com.netflix.discovery.DiscoveryClient.<init>(DiscoveryClient.java:441)
	at com.netflix.discovery.DiscoveryClient.<init>(DiscoveryClient.java:283)
	at com.netflix.discovery.DiscoveryClient.<init>(DiscoveryClient.java:279)
	at org.springframework.cloud.netflix.eureka.CloudEurekaClient.<init>(CloudEurekaClient.java:66)
	at org.springframework.cloud.netflix.eureka.EurekaClientAutoConfiguration$RefreshableEurekaClientConfiguration.eurekaClient(EurekaClientAutoConfiguration.java:295)
	at java.base/jdk.internal.reflect.NativeMethodAccessorImpl.invoke0(Native Method)
	at java.base/jdk.internal.reflect.NativeMethodAccessorImpl.invoke(NativeMethodAccessorImpl.java:62)
	at java.base/jdk.internal.reflect.DelegatingMethodAccessorImpl.invoke(DelegatingMethodAccessorImpl.java:43)
	at java.base/java.lang.reflect.Method.invoke(Method.java:566)
	at org.springframework.beans.factory.support.SimpleInstantiationStrategy.instantiate(SimpleInstantiationStrategy.java:154)
	at org.springframework.beans.factory.support.ConstructorResolver.instantiate(ConstructorResolver.java:651)
	at org.springframework.beans.factory.support.ConstructorResolver.instantiateUsingFactoryMethod(ConstructorResolver.java:636)
	at org.springframework.beans.factory.support.AbstractAutowireCapableBeanFactory.instantiateUsingFactoryMethod(AbstractAutowireCapableBeanFactory.java:1336)
	at org.springframework.beans.factory.support.AbstractAutowireCapableBeanFactory.createBeanInstance(AbstractAutowireCapableBeanFactory.java:1179)
	at org.springframework.beans.factory.support.AbstractAutowireCapableBeanFactory.doCreateBean(AbstractAutowireCapableBeanFactory.java:571)
	at org.springframework.beans.factory.support.AbstractAutowireCapableBeanFactory.createBean(AbstractAutowireCapableBeanFactory.java:531)
	at org.springframework.beans.factory.support.AbstractBeanFactory.lambda$doGetBean$1(AbstractBeanFactory.java:374)
	at org.springframework.cloud.context.scope.GenericScope$BeanLifecycleWrapper.getBean(GenericScope.java:376)
	at org.springframework.cloud.context.scope.GenericScope.get(GenericScope.java:179)
	at org.springframework.beans.factory.support.AbstractBeanFactory.doGetBean(AbstractBeanFactory.java:371)
	at org.springframework.beans.factory.support.AbstractBeanFactory.getBean(AbstractBeanFactory.java:208)
	at org.springframework.aop.target.SimpleBeanTargetSource.getTarget(SimpleBeanTargetSource.java:35)
	at org.springframework.cloud.netflix.eureka.serviceregistry.EurekaRegistration.getTargetObject(EurekaRegistration.java:127)
	at org.springframework.cloud.netflix.eureka.serviceregistry.EurekaRegistration.getEurekaClient(EurekaRegistration.java:115)
	at java.base/jdk.internal.reflect.NativeMethodAccessorImpl.invoke0(Native Method)
	at java.base/jdk.internal.reflect.NativeMethodAccessorImpl.invoke(NativeMethodAccessorImpl.java:62)
	at java.base/jdk.internal.reflect.DelegatingMethodAccessorImpl.invoke(DelegatingMethodAccessorImpl.java:43)
	at java.base/java.lang.reflect.Method.invoke(Method.java:566)
	at org.springframework.util.ReflectionUtils.invokeMethod(ReflectionUtils.java:282)
	at org.springframework.cloud.context.scope.GenericScope$LockedScopedProxyFactoryBean.invoke(GenericScope.java:485)
	at org.springframework.aop.framework.ReflectiveMethodInvocation.proceed(ReflectiveMethodInvocation.java:186)
	at org.springframework.aop.framework.CglibAopProxy$CglibMethodInvocation.proceed(CglibAopProxy.java:749)
	at org.springframework.aop.framework.CglibAopProxy$DynamicAdvisedInterceptor.intercept(CglibAopProxy.java:691)
	at org.springframework.cloud.netflix.eureka.serviceregistry.EurekaRegistration$$EnhancerBySpringCGLIB$$8aa8ad2.getEurekaClient(<generated>)
	at org.springframework.cloud.netflix.eureka.serviceregistry.EurekaServiceRegistry.maybeInitializeClient(EurekaServiceRegistry.java:54)
	at org.springframework.cloud.netflix.eureka.serviceregistry.EurekaServiceRegistry.register(EurekaServiceRegistry.java:38)
	at org.springframework.cloud.netflix.eureka.serviceregistry.EurekaAutoServiceRegistration.start(EurekaAutoServiceRegistration.java:83)
	at org.springframework.context.support.DefaultLifecycleProcessor.doStart(DefaultLifecycleProcessor.java:178)
	at org.springframework.context.support.DefaultLifecycleProcessor.access$200(DefaultLifecycleProcessor.java:54)
	at org.springframework.context.support.DefaultLifecycleProcessor$LifecycleGroup.start(DefaultLifecycleProcessor.java:356)
	at java.base/java.lang.Iterable.forEach(Iterable.java:75)
	at org.springframework.context.support.DefaultLifecycleProcessor.startBeans(DefaultLifecycleProcessor.java:155)
	at org.springframework.context.support.DefaultLifecycleProcessor.onRefresh(DefaultLifecycleProcessor.java:123)
	at org.springframework.context.support.AbstractApplicationContext.finishRefresh(AbstractApplicationContext.java:942)
	at org.springframework.context.support.AbstractApplicationContext.refresh(AbstractApplicationContext.java:591)
	at org.springframework.boot.web.servlet.context.ServletWebServerApplicationContext.refresh(ServletWebServerApplicationContext.java:144)
	at org.springframework.boot.SpringApplication.refresh(SpringApplication.java:767)
	at org.springframework.boot.SpringApplication.refresh(SpringApplication.java:759)
	at org.springframework.boot.SpringApplication.refreshContext(SpringApplication.java:426)
	at org.springframework.boot.SpringApplication.run(SpringApplication.java:326)
	at org.springframework.boot.SpringApplication.run(SpringApplication.java:1309)
	at org.springframework.boot.SpringApplication.run(SpringApplication.java:1298)
	at com.kazemi.challenge.api.ChallengeZuulApplication.main(ChallengeZuulApplication.java:16)
Caused by: java.net.ConnectException: Connection refused: connect
	at java.base/java.net.PlainSocketImpl.waitForConnect(Native Method)
	at java.base/java.net.PlainSocketImpl.socketConnect(PlainSocketImpl.java:107)
	at java.base/java.net.AbstractPlainSocketImpl.doConnect(AbstractPlainSocketImpl.java:399)
	at java.base/java.net.AbstractPlainSocketImpl.connectToAddress(AbstractPlainSocketImpl.java:242)
	at java.base/java.net.AbstractPlainSocketImpl.connect(AbstractPlainSocketImpl.java:224)
	at java.base/java.net.SocksSocketImpl.connect(SocksSocketImpl.java:392)
	at java.base/java.net.Socket.connect(Socket.java:608)
	at org.apache.http.conn.scheme.PlainSocketFactory.connectSocket(PlainSocketFactory.java:121)
	at org.apache.http.impl.conn.DefaultClientConnectionOperator.openConnection(DefaultClientConnectionOperator.java:180)
	at org.apache.http.impl.conn.AbstractPoolEntry.open(AbstractPoolEntry.java:144)
	at org.apache.http.impl.conn.AbstractPooledConnAdapter.open(AbstractPooledConnAdapter.java:134)
	at org.apache.http.impl.client.DefaultRequestDirector.tryConnect(DefaultRequestDirector.java:605)
	at org.apache.http.impl.client.DefaultRequestDirector.execute(DefaultRequestDirector.java:440)
	at org.apache.http.impl.client.AbstractHttpClient.doExecute(AbstractHttpClient.java:835)
	at org.apache.http.impl.client.CloseableHttpClient.execute(CloseableHttpClient.java:118)
	at org.apache.http.impl.client.CloseableHttpClient.execute(CloseableHttpClient.java:56)
	at com.sun.jersey.client.apache4.ApacheHttpClient4Handler.handle(ApacheHttpClient4Handler.java:173)
	... 76 more

12-04-2022 09:39:21.467 [main] WARN  c.n.d.s.t.d.RetryableEurekaHttpClient.execute - Request execution failed with message: java.net.ConnectException: Connection refused: connect
12-04-2022 09:39:21.467 [main] INFO  c.netflix.discovery.DiscoveryClient.fetchRegistry - DiscoveryClient_CHALLENGE-ZUUL/localhost:challenge-zuul:8181 - was unable to refresh its cache! This periodic background refresh will be retried in 30 seconds. status = Cannot execute request on any known server stacktrace = com.netflix.discovery.shared.transport.TransportException: Cannot execute request on any known server
	at com.netflix.discovery.shared.transport.decorator.RetryableEurekaHttpClient.execute(RetryableEurekaHttpClient.java:112)
	at com.netflix.discovery.shared.transport.decorator.EurekaHttpClientDecorator.getApplications(EurekaHttpClientDecorator.java:134)
	at com.netflix.discovery.shared.transport.decorator.EurekaHttpClientDecorator$6.execute(EurekaHttpClientDecorator.java:137)
	at com.netflix.discovery.shared.transport.decorator.SessionedEurekaHttpClient.execute(SessionedEurekaHttpClient.java:77)
	at com.netflix.discovery.shared.transport.decorator.EurekaHttpClientDecorator.getApplications(EurekaHttpClientDecorator.java:134)
	at com.netflix.discovery.DiscoveryClient.getAndStoreFullRegistry(DiscoveryClient.java:1101)
	at com.netflix.discovery.DiscoveryClient.fetchRegistry(DiscoveryClient.java:1014)
	at com.netflix.discovery.DiscoveryClient.<init>(DiscoveryClient.java:441)
	at com.netflix.discovery.DiscoveryClient.<init>(DiscoveryClient.java:283)
	at com.netflix.discovery.DiscoveryClient.<init>(DiscoveryClient.java:279)
	at org.springframework.cloud.netflix.eureka.CloudEurekaClient.<init>(CloudEurekaClient.java:66)
	at org.springframework.cloud.netflix.eureka.EurekaClientAutoConfiguration$RefreshableEurekaClientConfiguration.eurekaClient(EurekaClientAutoConfiguration.java:295)
	at java.base/jdk.internal.reflect.NativeMethodAccessorImpl.invoke0(Native Method)
	at java.base/jdk.internal.reflect.NativeMethodAccessorImpl.invoke(NativeMethodAccessorImpl.java:62)
	at java.base/jdk.internal.reflect.DelegatingMethodAccessorImpl.invoke(DelegatingMethodAccessorImpl.java:43)
	at java.base/java.lang.reflect.Method.invoke(Method.java:566)
	at org.springframework.beans.factory.support.SimpleInstantiationStrategy.instantiate(SimpleInstantiationStrategy.java:154)
	at org.springframework.beans.factory.support.ConstructorResolver.instantiate(ConstructorResolver.java:651)
	at org.springframework.beans.factory.support.ConstructorResolver.instantiateUsingFactoryMethod(ConstructorResolver.java:636)
	at org.springframework.beans.factory.support.AbstractAutowireCapableBeanFactory.instantiateUsingFactoryMethod(AbstractAutowireCapableBeanFactory.java:1336)
	at org.springframework.beans.factory.support.AbstractAutowireCapableBeanFactory.createBeanInstance(AbstractAutowireCapableBeanFactory.java:1179)
	at org.springframework.beans.factory.support.AbstractAutowireCapableBeanFactory.doCreateBean(AbstractAutowireCapableBeanFactory.java:571)
	at org.springframework.beans.factory.support.AbstractAutowireCapableBeanFactory.createBean(AbstractAutowireCapableBeanFactory.java:531)
	at org.springframework.beans.factory.support.AbstractBeanFactory.lambda$doGetBean$1(AbstractBeanFactory.java:374)
	at org.springframework.cloud.context.scope.GenericScope$BeanLifecycleWrapper.getBean(GenericScope.java:376)
	at org.springframework.cloud.context.scope.GenericScope.get(GenericScope.java:179)
	at org.springframework.beans.factory.support.AbstractBeanFactory.doGetBean(AbstractBeanFactory.java:371)
	at org.springframework.beans.factory.support.AbstractBeanFactory.getBean(AbstractBeanFactory.java:208)
	at org.springframework.aop.target.SimpleBeanTargetSource.getTarget(SimpleBeanTargetSource.java:35)
	at org.springframework.cloud.netflix.eureka.serviceregistry.EurekaRegistration.getTargetObject(EurekaRegistration.java:127)
	at org.springframework.cloud.netflix.eureka.serviceregistry.EurekaRegistration.getEurekaClient(EurekaRegistration.java:115)
	at java.base/jdk.internal.reflect.NativeMethodAccessorImpl.invoke0(Native Method)
	at java.base/jdk.internal.reflect.NativeMethodAccessorImpl.invoke(NativeMethodAccessorImpl.java:62)
	at java.base/jdk.internal.reflect.DelegatingMethodAccessorImpl.invoke(DelegatingMethodAccessorImpl.java:43)
	at java.base/java.lang.reflect.Method.invoke(Method.java:566)
	at org.springframework.util.ReflectionUtils.invokeMethod(ReflectionUtils.java:282)
	at org.springframework.cloud.context.scope.GenericScope$LockedScopedProxyFactoryBean.invoke(GenericScope.java:485)
	at org.springframework.aop.framework.ReflectiveMethodInvocation.proceed(ReflectiveMethodInvocation.java:186)
	at org.springframework.aop.framework.CglibAopProxy$CglibMethodInvocation.proceed(CglibAopProxy.java:749)
	at org.springframework.aop.framework.CglibAopProxy$DynamicAdvisedInterceptor.intercept(CglibAopProxy.java:691)
	at org.springframework.cloud.netflix.eureka.serviceregistry.EurekaRegistration$$EnhancerBySpringCGLIB$$8aa8ad2.getEurekaClient(<generated>)
	at org.springframework.cloud.netflix.eureka.serviceregistry.EurekaServiceRegistry.maybeInitializeClient(EurekaServiceRegistry.java:54)
	at org.springframework.cloud.netflix.eureka.serviceregistry.EurekaServiceRegistry.register(EurekaServiceRegistry.java:38)
	at org.springframework.cloud.netflix.eureka.serviceregistry.EurekaAutoServiceRegistration.start(EurekaAutoServiceRegistration.java:83)
	at org.springframework.context.support.DefaultLifecycleProcessor.doStart(DefaultLifecycleProcessor.java:178)
	at org.springframework.context.support.DefaultLifecycleProcessor.access$200(DefaultLifecycleProcessor.java:54)
	at org.springframework.context.support.DefaultLifecycleProcessor$LifecycleGroup.start(DefaultLifecycleProcessor.java:356)
	at java.base/java.lang.Iterable.forEach(Iterable.java:75)
	at org.springframework.context.support.DefaultLifecycleProcessor.startBeans(DefaultLifecycleProcessor.java:155)
	at org.springframework.context.support.DefaultLifecycleProcessor.onRefresh(DefaultLifecycleProcessor.java:123)
	at org.springframework.context.support.AbstractApplicationContext.finishRefresh(AbstractApplicationContext.java:942)
	at org.springframework.context.support.AbstractApplicationContext.refresh(AbstractApplicationContext.java:591)
	at org.springframework.boot.web.servlet.context.ServletWebServerApplicationContext.refresh(ServletWebServerApplicationContext.java:144)
	at org.springframework.boot.SpringApplication.refresh(SpringApplication.java:767)
	at org.springframework.boot.SpringApplication.refresh(SpringApplication.java:759)
	at org.springframework.boot.SpringApplication.refreshContext(SpringApplication.java:426)
	at org.springframework.boot.SpringApplication.run(SpringApplication.java:326)
	at org.springframework.boot.SpringApplication.run(SpringApplication.java:1309)
	at org.springframework.boot.SpringApplication.run(SpringApplication.java:1298)
	at com.kazemi.challenge.api.ChallengeZuulApplication.main(ChallengeZuulApplication.java:16)

12-04-2022 09:39:21.467 [main] INFO  c.netflix.discovery.DiscoveryClient.<init> - Initial registry fetch from primary servers failed
12-04-2022 09:39:21.467 [main] WARN  c.netflix.discovery.DiscoveryClient.get - Using default backup registry implementation which does not do anything.
12-04-2022 09:39:21.467 [main] INFO  c.netflix.discovery.DiscoveryClient.<init> - Initial registry fetch from backup servers failed
12-04-2022 09:39:21.467 [main] INFO  c.netflix.discovery.DiscoveryClient.initScheduledTasks - Starting heartbeat executor: renew interval is: 30
12-04-2022 09:39:21.475 [main] INFO  c.n.discovery.InstanceInfoReplicator.<init> - InstanceInfoReplicator onDemand update allowed rate per min is 4
12-04-2022 09:39:21.475 [main] INFO  c.netflix.discovery.DiscoveryClient.<init> - Discovery Client initialized at timestamp 1649740161475 with initial instances count: 0
12-04-2022 09:39:21.475 [main] INFO  o.s.c.n.e.s.EurekaServiceRegistry.register - Registering application CHALLENGE-ZUUL with eureka with status UP
12-04-2022 09:39:21.475 [main] INFO  c.netflix.discovery.DiscoveryClient.notify - Saw local status change event StatusChangeEvent [timestamp=1649740161475, current=UP, previous=STARTING]
12-04-2022 09:39:21.475 [DiscoveryClient-InstanceInfoReplicator-0] INFO  c.netflix.discovery.DiscoveryClient.register - DiscoveryClient_CHALLENGE-ZUUL/localhost:challenge-zuul:8181: registering service...
12-04-2022 09:39:21.475 [main] INFO  o.a.coyote.http11.Http11NioProtocol.log - Starting ProtocolHandler ["http-nio-8181"]
12-04-2022 09:39:21.491 [main] INFO  o.s.b.w.e.tomcat.TomcatWebServer.start - Tomcat started on port(s): 8181 (http) with context path ''
12-04-2022 09:39:21.491 [main] INFO  o.s.c.n.e.s.EurekaAutoServiceRegistration.onApplicationEvent - Updating port to 8181
12-04-2022 09:39:23.220 [main] INFO  o.s.cloud.commons.util.InetUtils.convertAddress - Cannot determine local hostname
12-04-2022 09:39:23.251 [main] INFO  c.k.c.api.ChallengeZuulApplication.logStarted - Started ChallengeZuulApplication in 15.824 seconds (JVM running for 17.948)
12-04-2022 09:39:24.601 [RMI TCP Connection(3)-172.17.176.1] INFO  o.a.c.c.C.[Tomcat].[localhost].[/].log - Initializing Spring DispatcherServlet 'dispatcherServlet'
12-04-2022 09:39:24.601 [RMI TCP Connection(3)-172.17.176.1] INFO  o.s.web.servlet.DispatcherServlet.initServletBean - Initializing Servlet 'dispatcherServlet'
12-04-2022 09:39:24.601 [RMI TCP Connection(3)-172.17.176.1] INFO  o.s.web.servlet.DispatcherServlet.initServletBean - Completed initialization in 0 ms
12-04-2022 09:39:25.535 [DiscoveryClient-InstanceInfoReplicator-0] INFO  c.n.d.s.t.d.RedirectingEurekaHttpClient.execute - Request execution error. endpoint=DefaultEndpoint{ serviceUrl='http://localhost:8761/eureka/}, exception=java.net.ConnectException: Connection refused: connect stacktrace=com.sun.jersey.api.client.ClientHandlerException: java.net.ConnectException: Connection refused: connect
	at com.sun.jersey.client.apache4.ApacheHttpClient4Handler.handle(ApacheHttpClient4Handler.java:187)
	at com.sun.jersey.api.client.filter.GZIPContentEncodingFilter.handle(GZIPContentEncodingFilter.java:123)
	at com.netflix.discovery.EurekaIdentityHeaderFilter.handle(EurekaIdentityHeaderFilter.java:27)
	at com.sun.jersey.api.client.Client.handle(Client.java:652)
	at com.sun.jersey.api.client.WebResource.handle(WebResource.java:682)
	at com.sun.jersey.api.client.WebResource.access$200(WebResource.java:74)
	at com.sun.jersey.api.client.WebResource$Builder.post(WebResource.java:570)
	at com.netflix.discovery.shared.transport.jersey.AbstractJerseyEurekaHttpClient.register(AbstractJerseyEurekaHttpClient.java:57)
	at com.netflix.discovery.shared.transport.decorator.EurekaHttpClientDecorator$1.execute(EurekaHttpClientDecorator.java:59)
	at com.netflix.discovery.shared.transport.decorator.MetricsCollectingEurekaHttpClient.execute(MetricsCollectingEurekaHttpClient.java:73)
	at com.netflix.discovery.shared.transport.decorator.EurekaHttpClientDecorator.register(EurekaHttpClientDecorator.java:56)
	at com.netflix.discovery.shared.transport.decorator.EurekaHttpClientDecorator$1.execute(EurekaHttpClientDecorator.java:59)
	at com.netflix.discovery.shared.transport.decorator.RedirectingEurekaHttpClient.executeOnNewServer(RedirectingEurekaHttpClient.java:121)
	at com.netflix.discovery.shared.transport.decorator.RedirectingEurekaHttpClient.execute(RedirectingEurekaHttpClient.java:80)
	at com.netflix.discovery.shared.transport.decorator.EurekaHttpClientDecorator.register(EurekaHttpClientDecorator.java:56)
	at com.netflix.discovery.shared.transport.decorator.EurekaHttpClientDecorator$1.execute(EurekaHttpClientDecorator.java:59)
	at com.netflix.discovery.shared.transport.decorator.RetryableEurekaHttpClient.execute(RetryableEurekaHttpClient.java:120)
	at com.netflix.discovery.shared.transport.decorator.EurekaHttpClientDecorator.register(EurekaHttpClientDecorator.java:56)
	at com.netflix.discovery.shared.transport.decorator.EurekaHttpClientDecorator$1.execute(EurekaHttpClientDecorator.java:59)
	at com.netflix.discovery.shared.transport.decorator.SessionedEurekaHttpClient.execute(SessionedEurekaHttpClient.java:77)
	at com.netflix.discovery.shared.transport.decorator.EurekaHttpClientDecorator.register(EurekaHttpClientDecorator.java:56)
	at com.netflix.discovery.DiscoveryClient.register(DiscoveryClient.java:876)
	at com.netflix.discovery.InstanceInfoReplicator.run(InstanceInfoReplicator.java:121)
	at com.netflix.discovery.InstanceInfoReplicator$1.run(InstanceInfoReplicator.java:101)
	at java.base/java.util.concurrent.Executors$RunnableAdapter.call(Executors.java:515)
	at java.base/java.util.concurrent.FutureTask.run(FutureTask.java:264)
	at java.base/java.util.concurrent.ScheduledThreadPoolExecutor$ScheduledFutureTask.run(ScheduledThreadPoolExecutor.java:304)
	at java.base/java.util.concurrent.ThreadPoolExecutor.runWorker(ThreadPoolExecutor.java:1128)
	at java.base/java.util.concurrent.ThreadPoolExecutor$Worker.run(ThreadPoolExecutor.java:628)
	at java.base/java.lang.Thread.run(Thread.java:834)
Caused by: java.net.ConnectException: Connection refused: connect
	at java.base/java.net.PlainSocketImpl.waitForConnect(Native Method)
	at java.base/java.net.PlainSocketImpl.socketConnect(PlainSocketImpl.java:107)
	at java.base/java.net.AbstractPlainSocketImpl.doConnect(AbstractPlainSocketImpl.java:399)
	at java.base/java.net.AbstractPlainSocketImpl.connectToAddress(AbstractPlainSocketImpl.java:242)
	at java.base/java.net.AbstractPlainSocketImpl.connect(AbstractPlainSocketImpl.java:224)
	at java.base/java.net.SocksSocketImpl.connect(SocksSocketImpl.java:392)
	at java.base/java.net.Socket.connect(Socket.java:608)
	at org.apache.http.conn.scheme.PlainSocketFactory.connectSocket(PlainSocketFactory.java:121)
	at org.apache.http.impl.conn.DefaultClientConnectionOperator.openConnection(DefaultClientConnectionOperator.java:180)
	at org.apache.http.impl.conn.AbstractPoolEntry.open(AbstractPoolEntry.java:144)
	at org.apache.http.impl.conn.AbstractPooledConnAdapter.open(AbstractPooledConnAdapter.java:134)
	at org.apache.http.impl.client.DefaultRequestDirector.tryConnect(DefaultRequestDirector.java:605)
	at org.apache.http.impl.client.DefaultRequestDirector.execute(DefaultRequestDirector.java:440)
	at org.apache.http.impl.client.AbstractHttpClient.doExecute(AbstractHttpClient.java:835)
	at org.apache.http.impl.client.CloseableHttpClient.execute(CloseableHttpClient.java:118)
	at org.apache.http.impl.client.CloseableHttpClient.execute(CloseableHttpClient.java:56)
	at com.sun.jersey.client.apache4.ApacheHttpClient4Handler.handle(ApacheHttpClient4Handler.java:173)
	... 29 more

12-04-2022 09:39:25.535 [DiscoveryClient-InstanceInfoReplicator-0] WARN  c.n.d.s.t.d.RetryableEurekaHttpClient.execute - Request execution failed with message: java.net.ConnectException: Connection refused: connect
12-04-2022 09:39:25.535 [DiscoveryClient-InstanceInfoReplicator-0] WARN  c.netflix.discovery.DiscoveryClient.register - DiscoveryClient_CHALLENGE-ZUUL/localhost:challenge-zuul:8181 - registration failed Cannot execute request on any known server
com.netflix.discovery.shared.transport.TransportException: Cannot execute request on any known server
	at com.netflix.discovery.shared.transport.decorator.RetryableEurekaHttpClient.execute(RetryableEurekaHttpClient.java:112)
	at com.netflix.discovery.shared.transport.decorator.EurekaHttpClientDecorator.register(EurekaHttpClientDecorator.java:56)
	at com.netflix.discovery.shared.transport.decorator.EurekaHttpClientDecorator$1.execute(EurekaHttpClientDecorator.java:59)
	at com.netflix.discovery.shared.transport.decorator.SessionedEurekaHttpClient.execute(SessionedEurekaHttpClient.java:77)
	at com.netflix.discovery.shared.transport.decorator.EurekaHttpClientDecorator.register(EurekaHttpClientDecorator.java:56)
	at com.netflix.discovery.DiscoveryClient.register(DiscoveryClient.java:876)
	at com.netflix.discovery.InstanceInfoReplicator.run(InstanceInfoReplicator.java:121)
	at com.netflix.discovery.InstanceInfoReplicator$1.run(InstanceInfoReplicator.java:101)
	at java.base/java.util.concurrent.Executors$RunnableAdapter.call(Executors.java:515)
	at java.base/java.util.concurrent.FutureTask.run(FutureTask.java:264)
	at java.base/java.util.concurrent.ScheduledThreadPoolExecutor$ScheduledFutureTask.run(ScheduledThreadPoolExecutor.java:304)
	at java.base/java.util.concurrent.ThreadPoolExecutor.runWorker(ThreadPoolExecutor.java:1128)
	at java.base/java.util.concurrent.ThreadPoolExecutor$Worker.run(ThreadPoolExecutor.java:628)
	at java.base/java.lang.Thread.run(Thread.java:834)
12-04-2022 09:39:25.535 [DiscoveryClient-InstanceInfoReplicator-0] WARN  c.n.discovery.InstanceInfoReplicator.run - There was a problem with the instance info replicator
com.netflix.discovery.shared.transport.TransportException: Cannot execute request on any known server
	at com.netflix.discovery.shared.transport.decorator.RetryableEurekaHttpClient.execute(RetryableEurekaHttpClient.java:112)
	at com.netflix.discovery.shared.transport.decorator.EurekaHttpClientDecorator.register(EurekaHttpClientDecorator.java:56)
	at com.netflix.discovery.shared.transport.decorator.EurekaHttpClientDecorator$1.execute(EurekaHttpClientDecorator.java:59)
	at com.netflix.discovery.shared.transport.decorator.SessionedEurekaHttpClient.execute(SessionedEurekaHttpClient.java:77)
	at com.netflix.discovery.shared.transport.decorator.EurekaHttpClientDecorator.register(EurekaHttpClientDecorator.java:56)
	at com.netflix.discovery.DiscoveryClient.register(DiscoveryClient.java:876)
	at com.netflix.discovery.InstanceInfoReplicator.run(InstanceInfoReplicator.java:121)
	at com.netflix.discovery.InstanceInfoReplicator$1.run(InstanceInfoReplicator.java:101)
	at java.base/java.util.concurrent.Executors$RunnableAdapter.call(Executors.java:515)
	at java.base/java.util.concurrent.FutureTask.run(FutureTask.java:264)
	at java.base/java.util.concurrent.ScheduledThreadPoolExecutor$ScheduledFutureTask.run(ScheduledThreadPoolExecutor.java:304)
	at java.base/java.util.concurrent.ThreadPoolExecutor.runWorker(ThreadPoolExecutor.java:1128)
	at java.base/java.util.concurrent.ThreadPoolExecutor$Worker.run(ThreadPoolExecutor.java:628)
	at java.base/java.lang.Thread.run(Thread.java:834)
12-04-2022 09:50:30.101 [main] INFO  c.k.c.api.ChallengeZuulApplication.logStarting - Starting ChallengeZuulApplication using Java 11.0.10 on DESKTOP-40IOR98 with PID 18556 (D:\Interview Tasks\Backbase - Final 1\challenge-zuul\target\classes started by z.kazemi in D:\Interview Tasks\Backbase - Final 1\challenge-zuul)
12-04-2022 09:50:30.101 [main] INFO  c.k.c.api.ChallengeZuulApplication.logStartupProfileInfo - No active profile set, falling back to default profiles: default
12-04-2022 09:50:30.851 [main] WARN  o.s.boot.actuate.endpoint.EndpointId.logWarning - Endpoint ID 'hystrix.stream' contains invalid characters, please migrate to a valid format.
12-04-2022 09:50:30.955 [main] INFO  o.s.cloud.context.scope.GenericScope.setSerializationId - BeanFactory id=70602b9e-e087-37be-a29f-9daf5f53437f
12-04-2022 09:50:31.330 [main] INFO  o.s.b.w.e.tomcat.TomcatWebServer.initialize - Tomcat initialized with port(s): 8181 (http)
12-04-2022 09:50:31.330 [main] INFO  o.a.coyote.http11.Http11NioProtocol.log - Initializing ProtocolHandler ["http-nio-8181"]
12-04-2022 09:50:31.330 [main] INFO  o.a.catalina.core.StandardService.log - Starting service [Tomcat]
12-04-2022 09:50:31.330 [main] INFO  o.a.catalina.core.StandardEngine.log - Starting Servlet engine: [Apache Tomcat/9.0.39]
12-04-2022 09:50:31.479 [main] INFO  o.a.c.c.C.[Tomcat].[localhost].[/].log - Initializing Spring embedded WebApplicationContext
12-04-2022 09:50:31.479 [main] INFO  o.s.b.w.s.c.ServletWebServerApplicationContext.prepareWebApplicationContext - Root WebApplicationContext: initialization completed in 1331 ms
12-04-2022 09:50:31.542 [main] WARN  c.n.c.sources.URLConfigurationSource.<init> - No URLs will be polled as dynamic configuration sources.
12-04-2022 09:50:31.542 [main] INFO  c.n.c.sources.URLConfigurationSource.<init> - To enable URLs as dynamic configuration sources, define System property archaius.configurationSource.additionalUrls or make config.properties available on classpath.
12-04-2022 09:50:31.557 [main] INFO  c.n.config.DynamicPropertyFactory.getInstance - DynamicPropertyFactory is initialized with configuration sources: com.netflix.config.ConcurrentCompositeConfiguration@1693ff90
12-04-2022 09:50:33.329 [main] INFO  o.s.cloud.commons.util.InetUtils.convertAddress - Cannot determine local hostname
12-04-2022 09:50:33.465 [main] WARN  c.n.c.sources.URLConfigurationSource.<init> - No URLs will be polled as dynamic configuration sources.
12-04-2022 09:50:33.465 [main] INFO  c.n.c.sources.URLConfigurationSource.<init> - To enable URLs as dynamic configuration sources, define System property archaius.configurationSource.additionalUrls or make config.properties available on classpath.
12-04-2022 09:50:33.605 [main] INFO  o.s.s.c.ThreadPoolTaskExecutor.initialize - Initializing ExecutorService 'applicationTaskExecutor'
12-04-2022 09:50:35.614 [main] INFO  o.s.cloud.commons.util.InetUtils.convertAddress - Cannot determine local hostname
12-04-2022 09:50:35.770 [main] INFO  o.s.c.n.e.c.DiscoveryClientOptionalArgsConfiguration.discoveryClientOptionalArgs - Eureka HTTP Client uses Jersey
12-04-2022 09:50:35.952 [main] WARN  o.s.c.l.c.LoadBalancerCacheAutoConfiguration$LoadBalancerCaffeineWarnLogger.logWarning - Spring Cloud LoadBalancer is currently working with the default cache. You can switch to using Caffeine cache, by adding it and org.springframework.cache.caffeine.CaffeineCacheManager to the classpath.
12-04-2022 09:50:36.140 [main] INFO  o.s.c.n.zuul.ZuulFilterInitializer.contextInitialized - Starting filter initializer
12-04-2022 09:50:36.155 [main] INFO  o.s.b.a.e.web.EndpointLinksResolver.<init> - Exposing 2 endpoint(s) beneath base path '/actuator'
12-04-2022 09:50:36.234 [main] INFO  o.s.c.n.eureka.InstanceInfoFactory.create - Setting initial instance status as: STARTING
12-04-2022 09:50:36.265 [main] INFO  c.netflix.discovery.DiscoveryClient.<init> - Initializing Eureka in region us-east-1
12-04-2022 09:50:36.312 [main] INFO  c.n.d.p.DiscoveryJerseyProvider.<init> - Using JSON encoding codec LegacyJacksonJson
12-04-2022 09:50:36.312 [main] INFO  c.n.d.p.DiscoveryJerseyProvider.<init> - Using JSON decoding codec LegacyJacksonJson
12-04-2022 09:50:36.468 [main] INFO  c.n.d.p.DiscoveryJerseyProvider.<init> - Using XML encoding codec XStreamXml
12-04-2022 09:50:36.468 [main] INFO  c.n.d.p.DiscoveryJerseyProvider.<init> - Using XML decoding codec XStreamXml
12-04-2022 09:50:36.624 [main] INFO  c.n.d.s.r.aws.ConfigClusterResolver.getClusterEndpoints - Resolving eureka endpoints via configuration
12-04-2022 09:50:36.655 [main] INFO  c.netflix.discovery.DiscoveryClient.fetchRegistry - Disable delta property : false
12-04-2022 09:50:36.655 [main] INFO  c.netflix.discovery.DiscoveryClient.fetchRegistry - Single vip registry refresh property : null
12-04-2022 09:50:36.655 [main] INFO  c.netflix.discovery.DiscoveryClient.fetchRegistry - Force full registry fetch : false
12-04-2022 09:50:36.655 [main] INFO  c.netflix.discovery.DiscoveryClient.fetchRegistry - Application is null : false
12-04-2022 09:50:36.655 [main] INFO  c.netflix.discovery.DiscoveryClient.fetchRegistry - Registered Applications size is zero : true
12-04-2022 09:50:36.655 [main] INFO  c.netflix.discovery.DiscoveryClient.fetchRegistry - Application version is -1: true
12-04-2022 09:50:36.655 [main] INFO  c.netflix.discovery.DiscoveryClient.getAndStoreFullRegistry - Getting all instance registry info from the eureka server
12-04-2022 09:50:36.812 [main] INFO  c.netflix.discovery.DiscoveryClient.getAndStoreFullRegistry - The response status is 200
12-04-2022 09:50:36.812 [main] INFO  c.netflix.discovery.DiscoveryClient.initScheduledTasks - Starting heartbeat executor: renew interval is: 30
12-04-2022 09:50:36.812 [main] INFO  c.n.discovery.InstanceInfoReplicator.<init> - InstanceInfoReplicator onDemand update allowed rate per min is 4
12-04-2022 09:50:36.827 [main] INFO  c.netflix.discovery.DiscoveryClient.<init> - Discovery Client initialized at timestamp 1649740836827 with initial instances count: 0
12-04-2022 09:50:36.827 [main] INFO  o.s.c.n.e.s.EurekaServiceRegistry.register - Registering application CHALLENGE-ZUUL with eureka with status UP
12-04-2022 09:50:36.827 [main] INFO  c.netflix.discovery.DiscoveryClient.notify - Saw local status change event StatusChangeEvent [timestamp=1649740836827, current=UP, previous=STARTING]
12-04-2022 09:50:36.827 [DiscoveryClient-InstanceInfoReplicator-0] INFO  c.netflix.discovery.DiscoveryClient.register - DiscoveryClient_CHALLENGE-ZUUL/localhost:challenge-zuul:8181: registering service...
12-04-2022 09:50:36.827 [main] INFO  o.a.coyote.http11.Http11NioProtocol.log - Starting ProtocolHandler ["http-nio-8181"]
12-04-2022 09:50:36.843 [main] WARN  o.s.b.w.s.c.AnnotationConfigServletWebServerApplicationContext.refresh - Exception encountered during context initialization - cancelling refresh attempt: org.springframework.context.ApplicationContextException: Failed to start bean 'webServerStartStop'; nested exception is org.springframework.boot.web.server.PortInUseException: Port 8181 is already in use
12-04-2022 09:50:36.843 [main] INFO  o.s.c.n.zuul.ZuulFilterInitializer.contextDestroyed - Stopping filter initializer
12-04-2022 09:50:36.843 [main] INFO  o.s.s.c.ThreadPoolTaskExecutor.shutdown - Shutting down ExecutorService 'applicationTaskExecutor'
12-04-2022 09:50:36.859 [main] INFO  c.netflix.discovery.DiscoveryClient.shutdown - Shutting down DiscoveryClient ...
12-04-2022 09:50:36.905 [DiscoveryClient-InstanceInfoReplicator-0] INFO  c.netflix.discovery.DiscoveryClient.register - DiscoveryClient_CHALLENGE-ZUUL/localhost:challenge-zuul:8181 - registration status: 204
12-04-2022 09:50:36.905 [main] INFO  c.netflix.discovery.DiscoveryClient.unregister - Unregistering ...
12-04-2022 09:50:36.921 [main] INFO  c.netflix.discovery.DiscoveryClient.unregister - DiscoveryClient_CHALLENGE-ZUUL/localhost:challenge-zuul:8181 - deregister  status: 200
12-04-2022 09:50:36.937 [main] INFO  c.netflix.discovery.DiscoveryClient.shutdown - Completed shut down of DiscoveryClient
12-04-2022 09:50:36.937 [main] INFO  o.a.coyote.http11.Http11NioProtocol.log - Pausing ProtocolHandler ["http-nio-8181"]
12-04-2022 09:50:36.937 [main] INFO  o.a.catalina.core.StandardService.log - Stopping service [Tomcat]
12-04-2022 09:50:36.937 [main] WARN  o.a.c.loader.WebappClassLoaderBase.log - The web application [ROOT] appears to have started a thread named [spring.cloud.inetutils] but has failed to stop it. This is very likely to create a memory leak. Stack trace of thread:
 java.base@11.0.10/java.net.Inet6AddressImpl.getHostByAddr(Native Method)
 java.base@11.0.10/java.net.InetAddress$PlatformNameService.getHostByAddr(InetAddress.java:935)
 java.base@11.0.10/java.net.InetAddress.getHostFromNameService(InetAddress.java:659)
 java.base@11.0.10/java.net.InetAddress.getHostName(InetAddress.java:602)
 java.base@11.0.10/java.net.InetAddress.getHostName(InetAddress.java:574)
 app//org.springframework.cloud.commons.util.InetUtils$$Lambda$195/0x0000000800272440.call(Unknown Source)
 java.base@11.0.10/java.util.concurrent.FutureTask.run(FutureTask.java:264)
 java.base@11.0.10/java.util.concurrent.ThreadPoolExecutor.runWorker(ThreadPoolExecutor.java:1128)
 java.base@11.0.10/java.util.concurrent.ThreadPoolExecutor$Worker.run(ThreadPoolExecutor.java:628)
 java.base@11.0.10/java.lang.Thread.run(Thread.java:834)
12-04-2022 09:50:36.937 [main] WARN  o.a.c.loader.WebappClassLoaderBase.log - The web application [ROOT] appears to have started a thread named [RxIoScheduler-1 (Evictor)] but has failed to stop it. This is very likely to create a memory leak. Stack trace of thread:
 java.base@11.0.10/jdk.internal.misc.Unsafe.park(Native Method)
 java.base@11.0.10/java.util.concurrent.locks.LockSupport.parkNanos(LockSupport.java:234)
 java.base@11.0.10/java.util.concurrent.locks.AbstractQueuedSynchronizer$ConditionObject.awaitNanos(AbstractQueuedSynchronizer.java:2123)
 java.base@11.0.10/java.util.concurrent.ScheduledThreadPoolExecutor$DelayedWorkQueue.take(ScheduledThreadPoolExecutor.java:1182)
 java.base@11.0.10/java.util.concurrent.ScheduledThreadPoolExecutor$DelayedWorkQueue.take(ScheduledThreadPoolExecutor.java:899)
 java.base@11.0.10/java.util.concurrent.ThreadPoolExecutor.getTask(ThreadPoolExecutor.java:1054)
 java.base@11.0.10/java.util.concurrent.ThreadPoolExecutor.runWorker(ThreadPoolExecutor.java:1114)
 java.base@11.0.10/java.util.concurrent.ThreadPoolExecutor$Worker.run(ThreadPoolExecutor.java:628)
 java.base@11.0.10/java.lang.Thread.run(Thread.java:834)
12-04-2022 09:50:36.952 [main] INFO  o.a.coyote.http11.Http11NioProtocol.log - Stopping ProtocolHandler ["http-nio-8181"]
12-04-2022 09:50:36.952 [main] INFO  o.a.coyote.http11.Http11NioProtocol.log - Destroying ProtocolHandler ["http-nio-8181"]
12-04-2022 09:50:36.968 [main] INFO  o.s.b.a.l.ConditionEvaluationReportLoggingListener.logMessage - 

Error starting ApplicationContext. To display the conditions report re-run your application with 'debug' enabled.
12-04-2022 09:50:36.968 [main] ERROR o.s.b.d.LoggingFailureAnalysisReporter.report - 

***************************
APPLICATION FAILED TO START
***************************

Description:

Web server failed to start. Port 8181 was already in use.

Action:

Identify and stop the process that's listening on port 8181 or configure this application to listen on another port.

12-04-2022 09:55:47.372 [main] INFO  c.k.c.api.ChallengeZuulApplication.logStarting - Starting ChallengeZuulApplication using Java 11.0.10 on DESKTOP-40IOR98 with PID 2440 (D:\Interview Tasks\Backbase - Final 1\challenge-zuul\target\classes started by z.kazemi in D:\Interview Tasks\Backbase - Final 1\challenge-zuul)
12-04-2022 09:55:47.372 [main] INFO  c.k.c.api.ChallengeZuulApplication.logStartupProfileInfo - No active profile set, falling back to default profiles: default
12-04-2022 09:55:48.116 [main] WARN  o.s.boot.actuate.endpoint.EndpointId.logWarning - Endpoint ID 'hystrix.stream' contains invalid characters, please migrate to a valid format.
12-04-2022 09:55:48.212 [main] INFO  o.s.cloud.context.scope.GenericScope.setSerializationId - BeanFactory id=70602b9e-e087-37be-a29f-9daf5f53437f
12-04-2022 09:55:48.508 [main] INFO  o.s.b.w.e.tomcat.TomcatWebServer.initialize - Tomcat initialized with port(s): 8181 (http)
12-04-2022 09:55:48.516 [main] INFO  o.a.coyote.http11.Http11NioProtocol.log - Initializing ProtocolHandler ["http-nio-8181"]
12-04-2022 09:55:48.516 [main] INFO  o.a.catalina.core.StandardService.log - Starting service [Tomcat]
12-04-2022 09:55:48.516 [main] INFO  o.a.catalina.core.StandardEngine.log - Starting Servlet engine: [Apache Tomcat/9.0.39]
12-04-2022 09:55:48.668 [main] INFO  o.a.c.c.C.[Tomcat].[localhost].[/].log - Initializing Spring embedded WebApplicationContext
12-04-2022 09:55:48.676 [main] INFO  o.s.b.w.s.c.ServletWebServerApplicationContext.prepareWebApplicationContext - Root WebApplicationContext: initialization completed in 1256 ms
12-04-2022 09:55:48.732 [main] WARN  c.n.c.sources.URLConfigurationSource.<init> - No URLs will be polled as dynamic configuration sources.
12-04-2022 09:55:48.732 [main] INFO  c.n.c.sources.URLConfigurationSource.<init> - To enable URLs as dynamic configuration sources, define System property archaius.configurationSource.additionalUrls or make config.properties available on classpath.
12-04-2022 09:55:48.740 [main] INFO  c.n.config.DynamicPropertyFactory.getInstance - DynamicPropertyFactory is initialized with configuration sources: com.netflix.config.ConcurrentCompositeConfiguration@2bf2d6eb
12-04-2022 09:55:50.433 [main] INFO  o.s.cloud.commons.util.InetUtils.convertAddress - Cannot determine local hostname
12-04-2022 09:55:50.545 [main] WARN  c.n.c.sources.URLConfigurationSource.<init> - No URLs will be polled as dynamic configuration sources.
12-04-2022 09:55:50.545 [main] INFO  c.n.c.sources.URLConfigurationSource.<init> - To enable URLs as dynamic configuration sources, define System property archaius.configurationSource.additionalUrls or make config.properties available on classpath.
12-04-2022 09:55:50.665 [main] INFO  o.s.s.c.ThreadPoolTaskExecutor.initialize - Initializing ExecutorService 'applicationTaskExecutor'
12-04-2022 09:55:52.421 [main] INFO  o.s.cloud.commons.util.InetUtils.convertAddress - Cannot determine local hostname
12-04-2022 09:55:52.541 [main] INFO  o.s.c.n.e.c.DiscoveryClientOptionalArgsConfiguration.discoveryClientOptionalArgs - Eureka HTTP Client uses Jersey
12-04-2022 09:55:52.685 [main] WARN  o.s.c.l.c.LoadBalancerCacheAutoConfiguration$LoadBalancerCaffeineWarnLogger.logWarning - Spring Cloud LoadBalancer is currently working with the default cache. You can switch to using Caffeine cache, by adding it and org.springframework.cache.caffeine.CaffeineCacheManager to the classpath.
12-04-2022 09:55:52.853 [main] INFO  o.s.c.n.zuul.ZuulFilterInitializer.contextInitialized - Starting filter initializer
12-04-2022 09:55:52.861 [main] INFO  o.s.b.a.e.web.EndpointLinksResolver.<init> - Exposing 2 endpoint(s) beneath base path '/actuator'
12-04-2022 09:55:52.917 [main] INFO  o.s.c.n.eureka.InstanceInfoFactory.create - Setting initial instance status as: STARTING
12-04-2022 09:55:52.941 [main] INFO  c.netflix.discovery.DiscoveryClient.<init> - Initializing Eureka in region us-east-1
12-04-2022 09:55:52.973 [main] INFO  c.n.d.p.DiscoveryJerseyProvider.<init> - Using JSON encoding codec LegacyJacksonJson
12-04-2022 09:55:52.973 [main] INFO  c.n.d.p.DiscoveryJerseyProvider.<init> - Using JSON decoding codec LegacyJacksonJson
12-04-2022 09:55:53.085 [main] INFO  c.n.d.p.DiscoveryJerseyProvider.<init> - Using XML encoding codec XStreamXml
12-04-2022 09:55:53.085 [main] INFO  c.n.d.p.DiscoveryJerseyProvider.<init> - Using XML decoding codec XStreamXml
12-04-2022 09:55:53.197 [main] INFO  c.n.d.s.r.aws.ConfigClusterResolver.getClusterEndpoints - Resolving eureka endpoints via configuration
12-04-2022 09:55:53.213 [main] INFO  c.netflix.discovery.DiscoveryClient.fetchRegistry - Disable delta property : false
12-04-2022 09:55:53.213 [main] INFO  c.netflix.discovery.DiscoveryClient.fetchRegistry - Single vip registry refresh property : null
12-04-2022 09:55:53.213 [main] INFO  c.netflix.discovery.DiscoveryClient.fetchRegistry - Force full registry fetch : false
12-04-2022 09:55:53.213 [main] INFO  c.netflix.discovery.DiscoveryClient.fetchRegistry - Application is null : false
12-04-2022 09:55:53.213 [main] INFO  c.netflix.discovery.DiscoveryClient.fetchRegistry - Registered Applications size is zero : true
12-04-2022 09:55:53.213 [main] INFO  c.netflix.discovery.DiscoveryClient.fetchRegistry - Application version is -1: true
12-04-2022 09:55:53.213 [main] INFO  c.netflix.discovery.DiscoveryClient.getAndStoreFullRegistry - Getting all instance registry info from the eureka server
12-04-2022 09:55:53.317 [main] INFO  c.netflix.discovery.DiscoveryClient.getAndStoreFullRegistry - The response status is 200
12-04-2022 09:55:53.317 [main] INFO  c.netflix.discovery.DiscoveryClient.initScheduledTasks - Starting heartbeat executor: renew interval is: 30
12-04-2022 09:55:53.317 [main] INFO  c.n.discovery.InstanceInfoReplicator.<init> - InstanceInfoReplicator onDemand update allowed rate per min is 4
12-04-2022 09:55:53.325 [main] INFO  c.netflix.discovery.DiscoveryClient.<init> - Discovery Client initialized at timestamp 1649741153325 with initial instances count: 1
12-04-2022 09:55:53.325 [main] INFO  o.s.c.n.e.s.EurekaServiceRegistry.register - Registering application CHALLENGE-ZUUL with eureka with status UP
12-04-2022 09:55:53.325 [main] INFO  c.netflix.discovery.DiscoveryClient.notify - Saw local status change event StatusChangeEvent [timestamp=1649741153325, current=UP, previous=STARTING]
12-04-2022 09:55:53.325 [DiscoveryClient-InstanceInfoReplicator-0] INFO  c.netflix.discovery.DiscoveryClient.register - DiscoveryClient_CHALLENGE-ZUUL/localhost:challenge-zuul:8181: registering service...
12-04-2022 09:55:53.333 [main] INFO  o.a.coyote.http11.Http11NioProtocol.log - Starting ProtocolHandler ["http-nio-8181"]
12-04-2022 09:55:53.341 [main] WARN  o.s.b.w.s.c.AnnotationConfigServletWebServerApplicationContext.refresh - Exception encountered during context initialization - cancelling refresh attempt: org.springframework.context.ApplicationContextException: Failed to start bean 'webServerStartStop'; nested exception is org.springframework.boot.web.server.PortInUseException: Port 8181 is already in use
12-04-2022 09:55:53.341 [main] INFO  o.s.c.n.zuul.ZuulFilterInitializer.contextDestroyed - Stopping filter initializer
12-04-2022 09:55:53.349 [main] INFO  o.s.s.c.ThreadPoolTaskExecutor.shutdown - Shutting down ExecutorService 'applicationTaskExecutor'
12-04-2022 09:55:53.357 [main] INFO  c.netflix.discovery.DiscoveryClient.shutdown - Shutting down DiscoveryClient ...
12-04-2022 09:55:53.365 [DiscoveryClient-InstanceInfoReplicator-0] INFO  c.netflix.discovery.DiscoveryClient.register - DiscoveryClient_CHALLENGE-ZUUL/localhost:challenge-zuul:8181 - registration status: 204
12-04-2022 09:55:53.365 [main] INFO  c.netflix.discovery.DiscoveryClient.unregister - Unregistering ...
12-04-2022 09:55:53.381 [main] INFO  c.netflix.discovery.DiscoveryClient.unregister - DiscoveryClient_CHALLENGE-ZUUL/localhost:challenge-zuul:8181 - deregister  status: 200
12-04-2022 09:55:53.389 [main] INFO  c.netflix.discovery.DiscoveryClient.shutdown - Completed shut down of DiscoveryClient
12-04-2022 09:55:53.389 [main] INFO  o.a.coyote.http11.Http11NioProtocol.log - Pausing ProtocolHandler ["http-nio-8181"]
12-04-2022 09:55:53.389 [main] INFO  o.a.catalina.core.StandardService.log - Stopping service [Tomcat]
12-04-2022 09:55:53.397 [main] WARN  o.a.c.loader.WebappClassLoaderBase.log - The web application [ROOT] appears to have started a thread named [spring.cloud.inetutils] but has failed to stop it. This is very likely to create a memory leak. Stack trace of thread:
 java.base@11.0.10/java.net.Inet6AddressImpl.getHostByAddr(Native Method)
 java.base@11.0.10/java.net.InetAddress$PlatformNameService.getHostByAddr(InetAddress.java:935)
 java.base@11.0.10/java.net.InetAddress.getHostFromNameService(InetAddress.java:659)
 java.base@11.0.10/java.net.InetAddress.getHostName(InetAddress.java:602)
 java.base@11.0.10/java.net.InetAddress.getHostName(InetAddress.java:574)
 app//org.springframework.cloud.commons.util.InetUtils$$Lambda$195/0x0000000800272c40.call(Unknown Source)
 java.base@11.0.10/java.util.concurrent.FutureTask.run(FutureTask.java:264)
 java.base@11.0.10/java.util.concurrent.ThreadPoolExecutor.runWorker(ThreadPoolExecutor.java:1128)
 java.base@11.0.10/java.util.concurrent.ThreadPoolExecutor$Worker.run(ThreadPoolExecutor.java:628)
 java.base@11.0.10/java.lang.Thread.run(Thread.java:834)
12-04-2022 09:55:53.397 [main] WARN  o.a.c.loader.WebappClassLoaderBase.log - The web application [ROOT] appears to have started a thread named [RxIoScheduler-1 (Evictor)] but has failed to stop it. This is very likely to create a memory leak. Stack trace of thread:
 java.base@11.0.10/jdk.internal.misc.Unsafe.park(Native Method)
 java.base@11.0.10/java.util.concurrent.locks.LockSupport.parkNanos(LockSupport.java:234)
 java.base@11.0.10/java.util.concurrent.locks.AbstractQueuedSynchronizer$ConditionObject.awaitNanos(AbstractQueuedSynchronizer.java:2123)
 java.base@11.0.10/java.util.concurrent.ScheduledThreadPoolExecutor$DelayedWorkQueue.take(ScheduledThreadPoolExecutor.java:1182)
 java.base@11.0.10/java.util.concurrent.ScheduledThreadPoolExecutor$DelayedWorkQueue.take(ScheduledThreadPoolExecutor.java:899)
 java.base@11.0.10/java.util.concurrent.ThreadPoolExecutor.getTask(ThreadPoolExecutor.java:1054)
 java.base@11.0.10/java.util.concurrent.ThreadPoolExecutor.runWorker(ThreadPoolExecutor.java:1114)
 java.base@11.0.10/java.util.concurrent.ThreadPoolExecutor$Worker.run(ThreadPoolExecutor.java:628)
 java.base@11.0.10/java.lang.Thread.run(Thread.java:834)
12-04-2022 09:55:53.397 [main] INFO  o.a.coyote.http11.Http11NioProtocol.log - Stopping ProtocolHandler ["http-nio-8181"]
12-04-2022 09:55:53.397 [main] INFO  o.a.coyote.http11.Http11NioProtocol.log - Destroying ProtocolHandler ["http-nio-8181"]
12-04-2022 09:55:53.413 [main] INFO  o.s.b.a.l.ConditionEvaluationReportLoggingListener.logMessage - 

Error starting ApplicationContext. To display the conditions report re-run your application with 'debug' enabled.
12-04-2022 09:55:53.429 [main] ERROR o.s.b.d.LoggingFailureAnalysisReporter.report - 

***************************
APPLICATION FAILED TO START
***************************

Description:

Web server failed to start. Port 8181 was already in use.

Action:

Identify and stop the process that's listening on port 8181 or configure this application to listen on another port.

12-04-2022 09:57:02.225 [main] INFO  c.k.c.api.ChallengeZuulApplication.logStarting - Starting ChallengeZuulApplication using Java 11.0.10 on DESKTOP-40IOR98 with PID 3720 (D:\Interview Tasks\Backbase - Final 1\challenge-zuul\target\classes started by z.kazemi in D:\Interview Tasks\Backbase - Final 1\challenge-zuul)
12-04-2022 09:57:02.225 [main] INFO  c.k.c.api.ChallengeZuulApplication.logStartupProfileInfo - No active profile set, falling back to default profiles: default
12-04-2022 09:57:02.918 [main] WARN  o.s.boot.actuate.endpoint.EndpointId.logWarning - Endpoint ID 'hystrix.stream' contains invalid characters, please migrate to a valid format.
12-04-2022 09:57:03.022 [main] INFO  o.s.cloud.context.scope.GenericScope.setSerializationId - BeanFactory id=70602b9e-e087-37be-a29f-9daf5f53437f
12-04-2022 09:57:03.330 [main] INFO  o.s.b.w.e.tomcat.TomcatWebServer.initialize - Tomcat initialized with port(s): 8282 (http)
12-04-2022 09:57:03.346 [main] INFO  o.a.coyote.http11.Http11NioProtocol.log - Initializing ProtocolHandler ["http-nio-8282"]
12-04-2022 09:57:03.346 [main] INFO  o.a.catalina.core.StandardService.log - Starting service [Tomcat]
12-04-2022 09:57:03.346 [main] INFO  o.a.catalina.core.StandardEngine.log - Starting Servlet engine: [Apache Tomcat/9.0.39]
12-04-2022 09:57:03.479 [main] INFO  o.a.c.c.C.[Tomcat].[localhost].[/].log - Initializing Spring embedded WebApplicationContext
12-04-2022 09:57:03.479 [main] INFO  o.s.b.w.s.c.ServletWebServerApplicationContext.prepareWebApplicationContext - Root WebApplicationContext: initialization completed in 1198 ms
12-04-2022 09:57:03.534 [main] WARN  c.n.c.sources.URLConfigurationSource.<init> - No URLs will be polled as dynamic configuration sources.
12-04-2022 09:57:03.534 [main] INFO  c.n.c.sources.URLConfigurationSource.<init> - To enable URLs as dynamic configuration sources, define System property archaius.configurationSource.additionalUrls or make config.properties available on classpath.
12-04-2022 09:57:03.542 [main] INFO  c.n.config.DynamicPropertyFactory.getInstance - DynamicPropertyFactory is initialized with configuration sources: com.netflix.config.ConcurrentCompositeConfiguration@7911cc15
12-04-2022 09:57:05.174 [main] INFO  o.s.cloud.commons.util.InetUtils.convertAddress - Cannot determine local hostname
12-04-2022 09:57:05.302 [main] WARN  c.n.c.sources.URLConfigurationSource.<init> - No URLs will be polled as dynamic configuration sources.
12-04-2022 09:57:05.302 [main] INFO  c.n.c.sources.URLConfigurationSource.<init> - To enable URLs as dynamic configuration sources, define System property archaius.configurationSource.additionalUrls or make config.properties available on classpath.
12-04-2022 09:57:05.419 [main] INFO  o.s.s.c.ThreadPoolTaskExecutor.initialize - Initializing ExecutorService 'applicationTaskExecutor'
12-04-2022 09:57:07.050 [main] INFO  o.s.cloud.commons.util.InetUtils.convertAddress - Cannot determine local hostname
12-04-2022 09:57:07.213 [main] INFO  o.s.c.n.e.c.DiscoveryClientOptionalArgsConfiguration.discoveryClientOptionalArgs - Eureka HTTP Client uses Jersey
12-04-2022 09:57:07.352 [main] WARN  o.s.c.l.c.LoadBalancerCacheAutoConfiguration$LoadBalancerCaffeineWarnLogger.logWarning - Spring Cloud LoadBalancer is currently working with the default cache. You can switch to using Caffeine cache, by adding it and org.springframework.cache.caffeine.CaffeineCacheManager to the classpath.
12-04-2022 09:57:07.518 [main] INFO  o.s.c.n.zuul.ZuulFilterInitializer.contextInitialized - Starting filter initializer
12-04-2022 09:57:07.534 [main] INFO  o.s.b.a.e.web.EndpointLinksResolver.<init> - Exposing 2 endpoint(s) beneath base path '/actuator'
12-04-2022 09:57:07.585 [main] INFO  o.s.c.n.eureka.InstanceInfoFactory.create - Setting initial instance status as: STARTING
12-04-2022 09:57:07.619 [main] INFO  c.netflix.discovery.DiscoveryClient.<init> - Initializing Eureka in region us-east-1
12-04-2022 09:57:07.657 [main] INFO  c.n.d.p.DiscoveryJerseyProvider.<init> - Using JSON encoding codec LegacyJacksonJson
12-04-2022 09:57:07.665 [main] INFO  c.n.d.p.DiscoveryJerseyProvider.<init> - Using JSON decoding codec LegacyJacksonJson
12-04-2022 09:57:07.760 [main] INFO  c.n.d.p.DiscoveryJerseyProvider.<init> - Using XML encoding codec XStreamXml
12-04-2022 09:57:07.760 [main] INFO  c.n.d.p.DiscoveryJerseyProvider.<init> - Using XML decoding codec XStreamXml
12-04-2022 09:57:07.870 [main] INFO  c.n.d.s.r.aws.ConfigClusterResolver.getClusterEndpoints - Resolving eureka endpoints via configuration
12-04-2022 09:57:07.885 [main] INFO  c.netflix.discovery.DiscoveryClient.fetchRegistry - Disable delta property : false
12-04-2022 09:57:07.885 [main] INFO  c.netflix.discovery.DiscoveryClient.fetchRegistry - Single vip registry refresh property : null
12-04-2022 09:57:07.885 [main] INFO  c.netflix.discovery.DiscoveryClient.fetchRegistry - Force full registry fetch : false
12-04-2022 09:57:07.885 [main] INFO  c.netflix.discovery.DiscoveryClient.fetchRegistry - Application is null : false
12-04-2022 09:57:07.885 [main] INFO  c.netflix.discovery.DiscoveryClient.fetchRegistry - Registered Applications size is zero : true
12-04-2022 09:57:07.885 [main] INFO  c.netflix.discovery.DiscoveryClient.fetchRegistry - Application version is -1: true
12-04-2022 09:57:07.885 [main] INFO  c.netflix.discovery.DiscoveryClient.getAndStoreFullRegistry - Getting all instance registry info from the eureka server
12-04-2022 09:57:07.990 [main] INFO  c.netflix.discovery.DiscoveryClient.getAndStoreFullRegistry - The response status is 200
12-04-2022 09:57:07.990 [main] INFO  c.netflix.discovery.DiscoveryClient.initScheduledTasks - Starting heartbeat executor: renew interval is: 30
12-04-2022 09:57:07.990 [main] INFO  c.n.discovery.InstanceInfoReplicator.<init> - InstanceInfoReplicator onDemand update allowed rate per min is 4
12-04-2022 09:57:07.990 [main] INFO  c.netflix.discovery.DiscoveryClient.<init> - Discovery Client initialized at timestamp 1649741227990 with initial instances count: 1
12-04-2022 09:57:07.990 [main] INFO  o.s.c.n.e.s.EurekaServiceRegistry.register - Registering application CHALLENGE-ZUUL with eureka with status UP
12-04-2022 09:57:07.990 [main] INFO  c.netflix.discovery.DiscoveryClient.notify - Saw local status change event StatusChangeEvent [timestamp=1649741227990, current=UP, previous=STARTING]
12-04-2022 09:57:07.990 [DiscoveryClient-InstanceInfoReplicator-0] INFO  c.netflix.discovery.DiscoveryClient.register - DiscoveryClient_CHALLENGE-ZUUL/localhost:challenge-zuul:8282: registering service...
12-04-2022 09:57:08.006 [main] INFO  o.a.coyote.http11.Http11NioProtocol.log - Starting ProtocolHandler ["http-nio-8282"]
12-04-2022 09:57:08.021 [main] INFO  o.s.b.w.e.tomcat.TomcatWebServer.start - Tomcat started on port(s): 8282 (http) with context path ''
12-04-2022 09:57:08.021 [main] INFO  o.s.c.n.e.s.EurekaAutoServiceRegistration.onApplicationEvent - Updating port to 8282
12-04-2022 09:57:08.037 [DiscoveryClient-InstanceInfoReplicator-0] INFO  c.netflix.discovery.DiscoveryClient.register - DiscoveryClient_CHALLENGE-ZUUL/localhost:challenge-zuul:8282 - registration status: 204
12-04-2022 09:57:09.588 [main] INFO  o.s.cloud.commons.util.InetUtils.convertAddress - Cannot determine local hostname
12-04-2022 09:57:09.605 [main] INFO  c.k.c.api.ChallengeZuulApplication.logStarted - Started ChallengeZuulApplication in 9.338 seconds (JVM running for 10.731)
12-04-2022 09:57:10.196 [RMI TCP Connection(3)-192.168.124.1] INFO  o.a.c.c.C.[Tomcat].[localhost].[/].log - Initializing Spring DispatcherServlet 'dispatcherServlet'
12-04-2022 09:57:10.196 [RMI TCP Connection(3)-192.168.124.1] INFO  o.s.web.servlet.DispatcherServlet.initServletBean - Initializing Servlet 'dispatcherServlet'
12-04-2022 09:57:10.196 [RMI TCP Connection(3)-192.168.124.1] INFO  o.s.web.servlet.DispatcherServlet.initServletBean - Completed initialization in 0 ms
12-04-2022 09:57:38.020 [DiscoveryClient-HeartbeatExecutor-0] INFO  c.netflix.discovery.DiscoveryClient.renew - DiscoveryClient_CHALLENGE-ZUUL/localhost:challenge-zuul:8282 - Re-registering apps/CHALLENGE-ZUUL
12-04-2022 09:57:38.020 [DiscoveryClient-HeartbeatExecutor-0] INFO  c.netflix.discovery.DiscoveryClient.register - DiscoveryClient_CHALLENGE-ZUUL/localhost:challenge-zuul:8282: registering service...
12-04-2022 09:57:38.035 [DiscoveryClient-HeartbeatExecutor-0] INFO  c.netflix.discovery.DiscoveryClient.register - DiscoveryClient_CHALLENGE-ZUUL/localhost:challenge-zuul:8282 - registration status: 204
12-04-2022 09:57:43.472 [http-nio-8282-exec-2] INFO  c.kazemi.challenge.api.SimpleFilter.run - GET request to http://localhost:8282/challenge/api/v1/movies/top-movies/10
